{
  "/Users/koushikpanda/Desktop/assignment/backend/src/config/index.ts": {
    "path": "/Users/koushikpanda/Desktop/assignment/backend/src/config/index.ts",
    "statementMap": {
      "0": { "start": { "line": 1, "column": 0 }, "end": { "line": 1, "column": 27 } },
      "1": { "start": { "line": 3, "column": 0 }, "end": { "line": 3, "column": null } },
      "2": { "start": { "line": 5, "column": 15 }, "end": { "line": 22, "column": null } },
      "3": { "start": { "line": 24, "column": 0 }, "end": { "line": 24, "column": null } }
    },
    "fnMap": {},
    "branchMap": {
      "0": {
        "loc": { "start": { "line": 6, "column": 17 }, "end": { "line": 6, "column": 46 } },
        "type": "binary-expr",
        "locations": [
          { "start": { "line": 6, "column": 17 }, "end": { "line": 6, "column": 36 } },
          { "start": { "line": 6, "column": 40 }, "end": { "line": 6, "column": 46 } }
        ]
      },
      "1": {
        "loc": { "start": { "line": 7, "column": 11 }, "end": { "line": 7, "column": 51 } },
        "type": "binary-expr",
        "locations": [
          { "start": { "line": 7, "column": 11 }, "end": { "line": 7, "column": 34 } },
          { "start": { "line": 7, "column": 38 }, "end": { "line": 7, "column": 51 } }
        ]
      },
      "2": {
        "loc": { "start": { "line": 8, "column": 12 }, "end": { "line": 8, "column": 42 } },
        "type": "binary-expr",
        "locations": [
          { "start": { "line": 8, "column": 12 }, "end": { "line": 8, "column": 36 } },
          { "start": { "line": 8, "column": 40 }, "end": { "line": 8, "column": 42 } }
        ]
      },
      "3": {
        "loc": { "start": { "line": 9, "column": 13 }, "end": { "line": 9, "column": 59 } },
        "type": "binary-expr",
        "locations": [
          { "start": { "line": 9, "column": 13 }, "end": { "line": 9, "column": 38 } },
          { "start": { "line": 9, "column": 42 }, "end": { "line": 9, "column": 59 } }
        ]
      },
      "4": {
        "loc": { "start": { "line": 10, "column": 16 }, "end": { "line": 10, "column": 54 } },
        "type": "binary-expr",
        "locations": [
          { "start": { "line": 10, "column": 16 }, "end": { "line": 10, "column": 45 } },
          { "start": { "line": 10, "column": 49 }, "end": { "line": 10, "column": 54 } }
        ]
      },
      "5": {
        "loc": { "start": { "line": 11, "column": 20 }, "end": { "line": 11, "column": 82 } },
        "type": "binary-expr",
        "locations": [
          { "start": { "line": 11, "column": 20 }, "end": { "line": 11, "column": 53 } },
          { "start": { "line": 11, "column": 57 }, "end": { "line": 11, "column": 82 } }
        ]
      },
      "6": {
        "loc": { "start": { "line": 12, "column": 23 }, "end": { "line": 12, "column": 68 } },
        "type": "binary-expr",
        "locations": [
          { "start": { "line": 12, "column": 23 }, "end": { "line": 12, "column": 60 } },
          { "start": { "line": 12, "column": 64 }, "end": { "line": 12, "column": 68 } }
        ]
      },
      "7": {
        "loc": { "start": { "line": 13, "column": 13 }, "end": { "line": 13, "column": 65 } },
        "type": "binary-expr",
        "locations": [
          { "start": { "line": 13, "column": 13 }, "end": { "line": 13, "column": 38 } },
          { "start": { "line": 13, "column": 42 }, "end": { "line": 13, "column": 65 } }
        ]
      },
      "8": {
        "loc": { "start": { "line": 14, "column": 13 }, "end": { "line": 14, "column": 51 } },
        "type": "binary-expr",
        "locations": [
          { "start": { "line": 14, "column": 13 }, "end": { "line": 14, "column": 38 } },
          { "start": { "line": 14, "column": 42 }, "end": { "line": 14, "column": 51 } }
        ]
      },
      "9": {
        "loc": { "start": { "line": 15, "column": 24 }, "end": { "line": 15, "column": 67 } },
        "type": "binary-expr",
        "locations": [
          { "start": { "line": 15, "column": 24 }, "end": { "line": 15, "column": 52 } },
          { "start": { "line": 15, "column": 56 }, "end": { "line": 15, "column": 67 } }
        ]
      },
      "10": {
        "loc": { "start": { "line": 16, "column": 18 }, "end": { "line": 16, "column": 55 } },
        "type": "binary-expr",
        "locations": [
          { "start": { "line": 16, "column": 18 }, "end": { "line": 16, "column": 49 } },
          { "start": { "line": 16, "column": 53 }, "end": { "line": 16, "column": 55 } }
        ]
      },
      "11": {
        "loc": { "start": { "line": 17, "column": 22 }, "end": { "line": 17, "column": 63 } },
        "type": "binary-expr",
        "locations": [
          { "start": { "line": 17, "column": 22 }, "end": { "line": 17, "column": 57 } },
          { "start": { "line": 17, "column": 61 }, "end": { "line": 17, "column": 63 } }
        ]
      },
      "12": {
        "loc": { "start": { "line": 19, "column": 4 }, "end": { "line": 19, "column": 90 } },
        "type": "binary-expr",
        "locations": [
          { "start": { "line": 19, "column": 4 }, "end": { "line": 19, "column": 38 } },
          { "start": { "line": 19, "column": 42 }, "end": { "line": 19, "column": 90 } }
        ]
      }
    },
    "s": { "0": 15, "1": 15, "2": 15, "3": 15 },
    "f": {},
    "b": {
      "0": [15, 5],
      "1": [15, 0],
      "2": [15, 5],
      "3": [15, 0],
      "4": [15, 0],
      "5": [15, 0],
      "6": [15, 0],
      "7": [15, 5],
      "8": [15, 5],
      "9": [15, 5],
      "10": [15, 5],
      "11": [15, 5],
      "12": [15, 5]
    }
  },
  "/Users/koushikpanda/Desktop/assignment/backend/src/config/multer.ts": {
    "path": "/Users/koushikpanda/Desktop/assignment/backend/src/config/multer.ts",
    "statementMap": {
      "0": { "start": { "line": 53, "column": 0 }, "end": { "line": 53, "column": 16 } },
      "1": { "start": { "line": 1, "column": 0 }, "end": { "line": 1, "column": 27 } },
      "2": { "start": { "line": 2, "column": 0 }, "end": { "line": 2, "column": 23 } },
      "3": { "start": { "line": 3, "column": 0 }, "end": { "line": 3, "column": 35 } },
      "4": { "start": { "line": 4, "column": 0 }, "end": { "line": 4, "column": 19 } },
      "5": { "start": { "line": 5, "column": 0 }, "end": { "line": 5, "column": 28 } },
      "6": { "start": { "line": 7, "column": 26 }, "end": { "line": 13, "column": null } },
      "7": { "start": { "line": 16, "column": 18 }, "end": { "line": 16, "column": 60 } },
      "8": { "start": { "line": 17, "column": 0 }, "end": { "line": 19, "column": 1 } },
      "9": { "start": { "line": 18, "column": 2 }, "end": { "line": 18, "column": null } },
      "10": { "start": { "line": 21, "column": 16 }, "end": { "line": 31, "column": 2 } },
      "11": { "start": { "line": 23, "column": 4 }, "end": { "line": 23, "column": null } },
      "12": { "start": { "line": 27, "column": 16 }, "end": { "line": 27, "column": 61 } },
      "13": { "start": { "line": 28, "column": 25 }, "end": { "line": 28, "column": 44 } },
      "14": { "start": { "line": 29, "column": 4 }, "end": { "line": 29, "column": null } },
      "15": { "start": { "line": 38, "column": 2 }, "end": { "line": 42, "column": 3 } },
      "16": { "start": { "line": 39, "column": 4 }, "end": { "line": 39, "column": null } },
      "17": { "start": { "line": 41, "column": 4 }, "end": { "line": 41, "column": null } },
      "18": { "start": { "line": 45, "column": 13 }, "end": { "line": 51, "column": null } },
      "19": { "start": { "line": 54, "column": 2 }, "end": { "line": 54, "column": null } }
    },
    "fnMap": {
      "0": {
        "name": "(anonymous_1)",
        "decl": { "start": { "line": 22, "column": 15 }, "end": { "line": 22, "column": 16 } },
        "loc": { "start": { "line": 22, "column": 35 }, "end": { "line": 24, "column": 3 } }
      },
      "1": {
        "name": "(anonymous_2)",
        "decl": { "start": { "line": 25, "column": 12 }, "end": { "line": 25, "column": 13 } },
        "loc": { "start": { "line": 25, "column": 31 }, "end": { "line": 30, "column": 3 } }
      },
      "2": {
        "name": "fileFilter",
        "decl": { "start": { "line": 33, "column": 9 }, "end": { "line": 33, "column": 19 } },
        "loc": { "start": { "line": 36, "column": 31 }, "end": { "line": 43, "column": 1 } }
      },
      "3": {
        "name": "getUploadPath",
        "decl": { "start": { "line": 53, "column": 16 }, "end": { "line": 53, "column": 29 } },
        "loc": { "start": { "line": 53, "column": 46 }, "end": { "line": 55, "column": 1 } }
      }
    },
    "branchMap": {
      "0": {
        "loc": { "start": { "line": 17, "column": 0 }, "end": { "line": 19, "column": 1 } },
        "type": "if",
        "locations": [
          { "start": { "line": 17, "column": 0 }, "end": { "line": 19, "column": 1 } },
          { "start": {}, "end": {} }
        ]
      },
      "1": {
        "loc": { "start": { "line": 38, "column": 2 }, "end": { "line": 42, "column": 3 } },
        "type": "if",
        "locations": [
          { "start": { "line": 38, "column": 2 }, "end": { "line": 42, "column": 3 } },
          { "start": { "line": 40, "column": 9 }, "end": { "line": 42, "column": 3 } }
        ]
      }
    },
    "s": {
      "0": 5,
      "1": 5,
      "2": 5,
      "3": 5,
      "4": 5,
      "5": 5,
      "6": 5,
      "7": 5,
      "8": 5,
      "9": 4,
      "10": 5,
      "11": 0,
      "12": 0,
      "13": 0,
      "14": 0,
      "15": 0,
      "16": 0,
      "17": 0,
      "18": 5,
      "19": 7
    },
    "f": { "0": 0, "1": 0, "2": 0, "3": 7 },
    "b": { "0": [4, 1], "1": [0, 0] }
  },
  "/Users/koushikpanda/Desktop/assignment/backend/src/controllers/AuthController.ts": {
    "path": "/Users/koushikpanda/Desktop/assignment/backend/src/controllers/AuthController.ts",
    "statementMap": {
      "0": { "start": { "line": 3, "column": 0 }, "end": { "line": 3, "column": 88 } },
      "1": { "start": { "line": 4, "column": 0 }, "end": { "line": 4, "column": 40 } },
      "2": { "start": { "line": 8, "column": 31 }, "end": { "line": 8, "column": 55 } },
      "3": { "start": { "line": 10, "column": 2 }, "end": { "line": 52, "column": null } },
      "4": { "start": { "line": 11, "column": 4 }, "end": { "line": 51, "column": 5 } },
      "5": { "start": { "line": 12, "column": 46 }, "end": { "line": 12, "column": null } },
      "6": { "start": { "line": 19, "column": 6 }, "end": { "line": 22, "column": 7 } },
      "7": { "start": { "line": 20, "column": 8 }, "end": { "line": 20, "column": null } },
      "8": { "start": { "line": 21, "column": 8 }, "end": { "line": 21, "column": 14 } },
      "9": { "start": { "line": 24, "column": 31 }, "end": { "line": 29, "column": 8 } },
      "10": { "start": { "line": 31, "column": 6 }, "end": { "line": 31, "column": null } },
      "11": { "start": { "line": 33, "column": 6 }, "end": { "line": 44, "column": null } },
      "12": { "start": { "line": 46, "column": 22 }, "end": { "line": 46, "column": 84 } },
      "13": { "start": { "line": 47, "column": 6 }, "end": { "line": 47, "column": null } },
      "14": { "start": { "line": 48, "column": 6 }, "end": { "line": 50, "column": null } },
      "15": { "start": { "line": 54, "column": 2 }, "end": { "line": 86, "column": null } },
      "16": { "start": { "line": 55, "column": 4 }, "end": { "line": 85, "column": 5 } },
      "17": { "start": { "line": 56, "column": 34 }, "end": { "line": 56, "column": 81 } },
      "18": { "start": { "line": 58, "column": 6 }, "end": { "line": 61, "column": 7 } },
      "19": { "start": { "line": 59, "column": 8 }, "end": { "line": 59, "column": null } },
      "20": { "start": { "line": 60, "column": 8 }, "end": { "line": 60, "column": 14 } },
      "21": { "start": { "line": 63, "column": 31 }, "end": { "line": 63, "column": 76 } },
      "22": { "start": { "line": 65, "column": 6 }, "end": { "line": 65, "column": null } },
      "23": { "start": { "line": 67, "column": 6 }, "end": { "line": 78, "column": null } },
      "24": { "start": { "line": 80, "column": 22 }, "end": { "line": 80, "column": 77 } },
      "25": { "start": { "line": 81, "column": 6 }, "end": { "line": 81, "column": null } },
      "26": { "start": { "line": 82, "column": 6 }, "end": { "line": 84, "column": null } },
      "27": { "start": { "line": 88, "column": 2 }, "end": { "line": 120, "column": null } },
      "28": { "start": { "line": 89, "column": 4 }, "end": { "line": 119, "column": 5 } },
      "29": { "start": { "line": 90, "column": 31 }, "end": { "line": 91, "column": null } },
      "30": { "start": { "line": 94, "column": 6 }, "end": { "line": 97, "column": 7 } },
      "31": { "start": { "line": 95, "column": 8 }, "end": { "line": 95, "column": null } },
      "32": { "start": { "line": 96, "column": 8 }, "end": { "line": 96, "column": 14 } },
      "33": { "start": { "line": 99, "column": 31 }, "end": { "line": 99, "column": 75 } },
      "34": { "start": { "line": 101, "column": 6 }, "end": { "line": 101, "column": null } },
      "35": { "start": { "line": 103, "column": 6 }, "end": { "line": 114, "column": null } },
      "36": { "start": { "line": 116, "column": 22 }, "end": { "line": 116, "column": 85 } },
      "37": { "start": { "line": 117, "column": 6 }, "end": { "line": 117, "column": null } },
      "38": { "start": { "line": 118, "column": 6 }, "end": { "line": 118, "column": null } },
      "39": { "start": { "line": 122, "column": 2 }, "end": { "line": 148, "column": null } },
      "40": { "start": { "line": 123, "column": 4 }, "end": { "line": 147, "column": 5 } },
      "41": { "start": { "line": 124, "column": 6 }, "end": { "line": 127, "column": 7 } },
      "42": { "start": { "line": 125, "column": 8 }, "end": { "line": 125, "column": null } },
      "43": { "start": { "line": 126, "column": 8 }, "end": { "line": 126, "column": 14 } },
      "44": { "start": { "line": 129, "column": 19 }, "end": { "line": 129, "column": 63 } },
      "45": { "start": { "line": 130, "column": 6 }, "end": { "line": 133, "column": 7 } },
      "46": { "start": { "line": 131, "column": 8 }, "end": { "line": 131, "column": null } },
      "47": { "start": { "line": 132, "column": 8 }, "end": { "line": 132, "column": 14 } },
      "48": { "start": { "line": 134, "column": 6 }, "end": { "line": 143, "column": null } },
      "49": { "start": { "line": 145, "column": 6 }, "end": { "line": 145, "column": null } },
      "50": { "start": { "line": 146, "column": 6 }, "end": { "line": 146, "column": null } },
      "51": { "start": { "line": 150, "column": 2 }, "end": { "line": 185, "column": null } },
      "52": { "start": { "line": 151, "column": 4 }, "end": { "line": 184, "column": 5 } },
      "53": { "start": { "line": 152, "column": 6 }, "end": { "line": 155, "column": 7 } },
      "54": { "start": { "line": 153, "column": 8 }, "end": { "line": 153, "column": null } },
      "55": { "start": { "line": 154, "column": 8 }, "end": { "line": 154, "column": 14 } },
      "56": { "start": { "line": 156, "column": 30 }, "end": { "line": 156, "column": 75 } },
      "57": { "start": { "line": 157, "column": 6 }, "end": { "line": 160, "column": 7 } },
      "58": { "start": { "line": 158, "column": 8 }, "end": { "line": 158, "column": null } },
      "59": { "start": { "line": 159, "column": 8 }, "end": { "line": 159, "column": 14 } },
      "60": { "start": { "line": 161, "column": 19 }, "end": { "line": 164, "column": 8 } },
      "61": { "start": { "line": 165, "column": 6 }, "end": { "line": 168, "column": 7 } },
      "62": { "start": { "line": 166, "column": 8 }, "end": { "line": 166, "column": null } },
      "63": { "start": { "line": 167, "column": 8 }, "end": { "line": 167, "column": 14 } },
      "64": { "start": { "line": 169, "column": 6 }, "end": { "line": 180, "column": null } },
      "65": { "start": { "line": 182, "column": 6 }, "end": { "line": 182, "column": null } },
      "66": { "start": { "line": 183, "column": 6 }, "end": { "line": 183, "column": null } },
      "67": { "start": { "line": 187, "column": 2 }, "end": { "line": 216, "column": null } },
      "68": { "start": { "line": 188, "column": 4 }, "end": { "line": 215, "column": 5 } },
      "69": { "start": { "line": 189, "column": 6 }, "end": { "line": 192, "column": 7 } },
      "70": { "start": { "line": 190, "column": 8 }, "end": { "line": 190, "column": null } },
      "71": { "start": { "line": 191, "column": 8 }, "end": { "line": 191, "column": 14 } },
      "72": { "start": { "line": 193, "column": 47 }, "end": { "line": 193, "column": null } },
      "73": { "start": { "line": 197, "column": 6 }, "end": { "line": 200, "column": 7 } },
      "74": { "start": { "line": 198, "column": 8 }, "end": { "line": 198, "column": null } },
      "75": { "start": { "line": 199, "column": 8 }, "end": { "line": 199, "column": 14 } },
      "76": { "start": { "line": 201, "column": 6 }, "end": { "line": 206, "column": 7 } },
      "77": { "start": { "line": 202, "column": 8 }, "end": { "line": 204, "column": null } },
      "78": { "start": { "line": 205, "column": 8 }, "end": { "line": 205, "column": 14 } },
      "79": { "start": { "line": 207, "column": 6 }, "end": { "line": 207, "column": null } },
      "80": { "start": { "line": 208, "column": 6 }, "end": { "line": 208, "column": null } },
      "81": { "start": { "line": 210, "column": 22 }, "end": { "line": 210, "column": 90 } },
      "82": { "start": { "line": 211, "column": 6 }, "end": { "line": 211, "column": null } },
      "83": { "start": { "line": 212, "column": 6 }, "end": { "line": 214, "column": null } },
      "84": { "start": { "line": 218, "column": 2 }, "end": { "line": 229, "column": null } },
      "85": { "start": { "line": 219, "column": 4 }, "end": { "line": 228, "column": 5 } },
      "86": { "start": { "line": 220, "column": 6 }, "end": { "line": 222, "column": 7 } },
      "87": { "start": { "line": 221, "column": 8 }, "end": { "line": 221, "column": null } },
      "88": { "start": { "line": 223, "column": 6 }, "end": { "line": 223, "column": null } },
      "89": { "start": { "line": 224, "column": 6 }, "end": { "line": 224, "column": null } },
      "90": { "start": { "line": 226, "column": 6 }, "end": { "line": 226, "column": null } },
      "91": { "start": { "line": 227, "column": 6 }, "end": { "line": 227, "column": null } },
      "92": { "start": { "line": 7, "column": 0 }, "end": { "line": 7, "column": 13 } }
    },
    "fnMap": {
      "0": {
        "name": "(anonymous_0)",
        "decl": { "start": { "line": 8, "column": 2 }, "end": { "line": 8, "column": 31 } },
        "loc": { "start": { "line": 8, "column": 55 }, "end": { "line": 8, "column": 59 } }
      },
      "1": {
        "name": "(anonymous_1)",
        "decl": { "start": { "line": 10, "column": 13 }, "end": { "line": 10, "column": 18 } },
        "loc": { "start": { "line": 10, "column": 66 }, "end": { "line": 52, "column": 3 } }
      },
      "2": {
        "name": "(anonymous_2)",
        "decl": { "start": { "line": 54, "column": 10 }, "end": { "line": 54, "column": 15 } },
        "loc": { "start": { "line": 54, "column": 63 }, "end": { "line": 86, "column": 3 } }
      },
      "3": {
        "name": "(anonymous_3)",
        "decl": { "start": { "line": 88, "column": 12 }, "end": { "line": 88, "column": 17 } },
        "loc": { "start": { "line": 88, "column": 65 }, "end": { "line": 120, "column": 3 } }
      },
      "4": {
        "name": "(anonymous_4)",
        "decl": { "start": { "line": 122, "column": 7 }, "end": { "line": 122, "column": 12 } },
        "loc": { "start": { "line": 122, "column": 64 }, "end": { "line": 148, "column": 3 } }
      },
      "5": {
        "name": "(anonymous_5)",
        "decl": { "start": { "line": 150, "column": 18 }, "end": { "line": 150, "column": 23 } },
        "loc": { "start": { "line": 150, "column": 75 }, "end": { "line": 185, "column": 3 } }
      },
      "6": {
        "name": "(anonymous_6)",
        "decl": { "start": { "line": 187, "column": 19 }, "end": { "line": 187, "column": 24 } },
        "loc": { "start": { "line": 187, "column": 76 }, "end": { "line": 216, "column": 3 } }
      },
      "7": {
        "name": "(anonymous_7)",
        "decl": { "start": { "line": 218, "column": 11 }, "end": { "line": 218, "column": 16 } },
        "loc": { "start": { "line": 218, "column": 68 }, "end": { "line": 229, "column": 3 } }
      }
    },
    "branchMap": {
      "0": {
        "loc": { "start": { "line": 19, "column": 6 }, "end": { "line": 22, "column": 7 } },
        "type": "if",
        "locations": [
          { "start": { "line": 19, "column": 6 }, "end": { "line": 22, "column": 7 } },
          { "start": {}, "end": {} }
        ]
      },
      "1": {
        "loc": { "start": { "line": 19, "column": 10 }, "end": { "line": 19, "column": 38 } },
        "type": "binary-expr",
        "locations": [
          { "start": { "line": 19, "column": 10 }, "end": { "line": 19, "column": 15 } },
          { "start": { "line": 19, "column": 19 }, "end": { "line": 19, "column": 25 } },
          { "start": { "line": 19, "column": 29 }, "end": { "line": 19, "column": 38 } }
        ]
      },
      "2": {
        "loc": { "start": { "line": 28, "column": 15 }, "end": { "line": 28, "column": 65 } },
        "type": "binary-expr",
        "locations": [
          { "start": { "line": 28, "column": 15 }, "end": { "line": 28, "column": 53 } },
          { "start": { "line": 28, "column": 57 }, "end": { "line": 28, "column": 65 } }
        ]
      },
      "3": {
        "loc": { "start": { "line": 46, "column": 22 }, "end": { "line": 46, "column": 84 } },
        "type": "cond-expr",
        "locations": [
          { "start": { "line": 46, "column": 47 }, "end": { "line": 46, "column": 60 } },
          { "start": { "line": 46, "column": 63 }, "end": { "line": 46, "column": 84 } }
        ]
      },
      "4": {
        "loc": { "start": { "line": 49, "column": 16 }, "end": { "line": 49, "column": 66 } },
        "type": "cond-expr",
        "locations": [
          { "start": { "line": 49, "column": 57 }, "end": { "line": 49, "column": 60 } },
          { "start": { "line": 49, "column": 63 }, "end": { "line": 49, "column": 66 } }
        ]
      },
      "5": {
        "loc": { "start": { "line": 58, "column": 6 }, "end": { "line": 61, "column": 7 } },
        "type": "if",
        "locations": [
          { "start": { "line": 58, "column": 6 }, "end": { "line": 61, "column": 7 } },
          { "start": {}, "end": {} }
        ]
      },
      "6": {
        "loc": { "start": { "line": 58, "column": 10 }, "end": { "line": 58, "column": 29 } },
        "type": "binary-expr",
        "locations": [
          { "start": { "line": 58, "column": 10 }, "end": { "line": 58, "column": 16 } },
          { "start": { "line": 58, "column": 20 }, "end": { "line": 58, "column": 29 } }
        ]
      },
      "7": {
        "loc": { "start": { "line": 80, "column": 22 }, "end": { "line": 80, "column": 77 } },
        "type": "cond-expr",
        "locations": [
          { "start": { "line": 80, "column": 47 }, "end": { "line": 80, "column": 60 } },
          { "start": { "line": 80, "column": 63 }, "end": { "line": 80, "column": 77 } }
        ]
      },
      "8": {
        "loc": { "start": { "line": 83, "column": 16 }, "end": { "line": 83, "column": 67 } },
        "type": "cond-expr",
        "locations": [
          { "start": { "line": 83, "column": 58 }, "end": { "line": 83, "column": 61 } },
          { "start": { "line": 83, "column": 64 }, "end": { "line": 83, "column": 67 } }
        ]
      },
      "9": {
        "loc": { "start": { "line": 94, "column": 6 }, "end": { "line": 97, "column": 7 } },
        "type": "if",
        "locations": [
          { "start": { "line": 94, "column": 6 }, "end": { "line": 97, "column": 7 } },
          { "start": {}, "end": {} }
        ]
      },
      "10": {
        "loc": { "start": { "line": 116, "column": 22 }, "end": { "line": 116, "column": 85 } },
        "type": "cond-expr",
        "locations": [
          { "start": { "line": 116, "column": 47 }, "end": { "line": 116, "column": 60 } },
          { "start": { "line": 116, "column": 63 }, "end": { "line": 116, "column": 85 } }
        ]
      },
      "11": {
        "loc": { "start": { "line": 124, "column": 6 }, "end": { "line": 127, "column": 7 } },
        "type": "if",
        "locations": [
          { "start": { "line": 124, "column": 6 }, "end": { "line": 127, "column": 7 } },
          { "start": {}, "end": {} }
        ]
      },
      "12": {
        "loc": { "start": { "line": 130, "column": 6 }, "end": { "line": 133, "column": 7 } },
        "type": "if",
        "locations": [
          { "start": { "line": 130, "column": 6 }, "end": { "line": 133, "column": 7 } },
          { "start": {}, "end": {} }
        ]
      },
      "13": {
        "loc": { "start": { "line": 152, "column": 6 }, "end": { "line": 155, "column": 7 } },
        "type": "if",
        "locations": [
          { "start": { "line": 152, "column": 6 }, "end": { "line": 155, "column": 7 } },
          { "start": {}, "end": {} }
        ]
      },
      "14": {
        "loc": { "start": { "line": 157, "column": 6 }, "end": { "line": 160, "column": 7 } },
        "type": "if",
        "locations": [
          { "start": { "line": 157, "column": 6 }, "end": { "line": 160, "column": 7 } },
          { "start": {}, "end": {} }
        ]
      },
      "15": {
        "loc": { "start": { "line": 157, "column": 10 }, "end": { "line": 157, "column": 41 } },
        "type": "binary-expr",
        "locations": [
          { "start": { "line": 157, "column": 10 }, "end": { "line": 157, "column": 23 } },
          { "start": { "line": 157, "column": 27 }, "end": { "line": 157, "column": 41 } }
        ]
      },
      "16": {
        "loc": { "start": { "line": 162, "column": 12 }, "end": { "line": 162, "column": 49 } },
        "type": "binary-expr",
        "locations": [
          { "start": { "line": 162, "column": 12 }, "end": { "line": 162, "column": 24 } },
          { "start": { "line": 162, "column": 28 }, "end": { "line": 162, "column": 49 } }
        ]
      },
      "17": {
        "loc": { "start": { "line": 163, "column": 12 }, "end": { "line": 163, "column": 52 } },
        "type": "binary-expr",
        "locations": [
          { "start": { "line": 163, "column": 12 }, "end": { "line": 163, "column": 25 } },
          { "start": { "line": 163, "column": 29 }, "end": { "line": 163, "column": 52 } }
        ]
      },
      "18": {
        "loc": { "start": { "line": 165, "column": 6 }, "end": { "line": 168, "column": 7 } },
        "type": "if",
        "locations": [
          { "start": { "line": 165, "column": 6 }, "end": { "line": 168, "column": 7 } },
          { "start": {}, "end": {} }
        ]
      },
      "19": {
        "loc": { "start": { "line": 189, "column": 6 }, "end": { "line": 192, "column": 7 } },
        "type": "if",
        "locations": [
          { "start": { "line": 189, "column": 6 }, "end": { "line": 192, "column": 7 } },
          { "start": {}, "end": {} }
        ]
      },
      "20": {
        "loc": { "start": { "line": 197, "column": 6 }, "end": { "line": 200, "column": 7 } },
        "type": "if",
        "locations": [
          { "start": { "line": 197, "column": 6 }, "end": { "line": 200, "column": 7 } },
          { "start": {}, "end": {} }
        ]
      },
      "21": {
        "loc": { "start": { "line": 197, "column": 10 }, "end": { "line": 197, "column": 42 } },
        "type": "binary-expr",
        "locations": [
          { "start": { "line": 197, "column": 10 }, "end": { "line": 197, "column": 26 } },
          { "start": { "line": 197, "column": 30 }, "end": { "line": 197, "column": 42 } }
        ]
      },
      "22": {
        "loc": { "start": { "line": 201, "column": 6 }, "end": { "line": 206, "column": 7 } },
        "type": "if",
        "locations": [
          { "start": { "line": 201, "column": 6 }, "end": { "line": 206, "column": 7 } },
          { "start": {}, "end": {} }
        ]
      },
      "23": {
        "loc": { "start": { "line": 210, "column": 22 }, "end": { "line": 210, "column": 90 } },
        "type": "cond-expr",
        "locations": [
          { "start": { "line": 210, "column": 47 }, "end": { "line": 210, "column": 60 } },
          { "start": { "line": 210, "column": 63 }, "end": { "line": 210, "column": 90 } }
        ]
      },
      "24": {
        "loc": { "start": { "line": 213, "column": 16 }, "end": { "line": 213, "column": 71 } },
        "type": "cond-expr",
        "locations": [
          { "start": { "line": 213, "column": 62 }, "end": { "line": 213, "column": 65 } },
          { "start": { "line": 213, "column": 68 }, "end": { "line": 213, "column": 71 } }
        ]
      },
      "25": {
        "loc": { "start": { "line": 220, "column": 6 }, "end": { "line": 222, "column": 7 } },
        "type": "if",
        "locations": [
          { "start": { "line": 220, "column": 6 }, "end": { "line": 222, "column": 7 } },
          { "start": {}, "end": {} }
        ]
      }
    },
    "s": {
      "0": 1,
      "1": 1,
      "2": 22,
      "3": 22,
      "4": 3,
      "5": 3,
      "6": 3,
      "7": 1,
      "8": 1,
      "9": 2,
      "10": 1,
      "11": 1,
      "12": 1,
      "13": 1,
      "14": 1,
      "15": 22,
      "16": 3,
      "17": 3,
      "18": 3,
      "19": 1,
      "20": 1,
      "21": 2,
      "22": 1,
      "23": 1,
      "24": 1,
      "25": 1,
      "26": 1,
      "27": 22,
      "28": 3,
      "29": 3,
      "30": 3,
      "31": 1,
      "32": 1,
      "33": 2,
      "34": 1,
      "35": 1,
      "36": 1,
      "37": 1,
      "38": 1,
      "39": 22,
      "40": 4,
      "41": 4,
      "42": 1,
      "43": 1,
      "44": 3,
      "45": 2,
      "46": 1,
      "47": 1,
      "48": 1,
      "49": 1,
      "50": 1,
      "51": 22,
      "52": 4,
      "53": 4,
      "54": 1,
      "55": 1,
      "56": 3,
      "57": 3,
      "58": 1,
      "59": 1,
      "60": 2,
      "61": 2,
      "62": 1,
      "63": 1,
      "64": 1,
      "65": 0,
      "66": 0,
      "67": 22,
      "68": 4,
      "69": 4,
      "70": 0,
      "71": 0,
      "72": 4,
      "73": 4,
      "74": 1,
      "75": 1,
      "76": 3,
      "77": 1,
      "78": 1,
      "79": 2,
      "80": 1,
      "81": 1,
      "82": 1,
      "83": 1,
      "84": 22,
      "85": 1,
      "86": 1,
      "87": 1,
      "88": 1,
      "89": 1,
      "90": 0,
      "91": 0,
      "92": 1
    },
    "f": { "0": 22, "1": 3, "2": 3, "3": 3, "4": 4, "5": 4, "6": 4, "7": 1 },
    "b": {
      "0": [1, 2],
      "1": [3, 3, 2],
      "2": [2, 2],
      "3": [1, 0],
      "4": [1, 0],
      "5": [1, 2],
      "6": [3, 2],
      "7": [1, 0],
      "8": [1, 0],
      "9": [1, 2],
      "10": [1, 0],
      "11": [1, 3],
      "12": [1, 1],
      "13": [1, 3],
      "14": [1, 2],
      "15": [3, 1],
      "16": [2, 2],
      "17": [2, 0],
      "18": [1, 1],
      "19": [0, 4],
      "20": [1, 3],
      "21": [4, 3],
      "22": [1, 2],
      "23": [1, 0],
      "24": [1, 0],
      "25": [1, 0]
    }
  },
  "/Users/koushikpanda/Desktop/assignment/backend/src/controllers/UserController.ts": {
    "path": "/Users/koushikpanda/Desktop/assignment/backend/src/controllers/UserController.ts",
    "statementMap": {
      "0": { "start": { "line": 3, "column": 0 }, "end": { "line": 3, "column": 40 } },
      "1": { "start": { "line": 6, "column": 0 }, "end": { "line": 6, "column": 60 } },
      "2": { "start": { "line": 9, "column": 31 }, "end": { "line": 9, "column": 55 } },
      "3": { "start": { "line": 27, "column": 2 }, "end": { "line": 42, "column": null } },
      "4": { "start": { "line": 28, "column": 4 }, "end": { "line": 41, "column": 5 } },
      "5": { "start": { "line": 29, "column": 6 }, "end": { "line": 32, "column": 7 } },
      "6": { "start": { "line": 30, "column": 8 }, "end": { "line": 30, "column": null } },
      "7": { "start": { "line": 31, "column": 8 }, "end": { "line": 31, "column": 14 } },
      "8": { "start": { "line": 33, "column": 20 }, "end": { "line": 33, "column": 49 } },
      "9": { "start": { "line": 34, "column": 6 }, "end": { "line": 37, "column": null } },
      "10": { "start": { "line": 36, "column": 40 }, "end": { "line": 36, "column": 58 } },
      "11": { "start": { "line": 39, "column": 6 }, "end": { "line": 39, "column": null } },
      "12": { "start": { "line": 40, "column": 6 }, "end": { "line": 40, "column": null } },
      "13": { "start": { "line": 44, "column": 2 }, "end": { "line": 76, "column": null } },
      "14": { "start": { "line": 45, "column": 4 }, "end": { "line": 75, "column": 5 } },
      "15": { "start": { "line": 46, "column": 6 }, "end": { "line": 49, "column": 7 } },
      "16": { "start": { "line": 47, "column": 8 }, "end": { "line": 47, "column": null } },
      "17": { "start": { "line": 48, "column": 8 }, "end": { "line": 48, "column": 14 } },
      "18": { "start": { "line": 50, "column": 17 }, "end": { "line": 50, "column": 97 } },
      "19": { "start": { "line": 51, "column": 23 }, "end": { "line": 51, "column": 52 } },
      "20": { "start": { "line": 52, "column": 6 }, "end": { "line": 55, "column": 7 } },
      "21": { "start": { "line": 53, "column": 8 }, "end": { "line": 53, "column": null } },
      "22": { "start": { "line": 54, "column": 8 }, "end": { "line": 54, "column": 14 } },
      "23": { "start": { "line": 56, "column": 6 }, "end": { "line": 59, "column": 7 } },
      "24": { "start": { "line": 57, "column": 8 }, "end": { "line": 57, "column": null } },
      "25": { "start": { "line": 58, "column": 8 }, "end": { "line": 58, "column": 14 } },
      "26": { "start": { "line": 60, "column": 19 }, "end": { "line": 60, "column": 71 } },
      "27": { "start": { "line": 61, "column": 6 }, "end": { "line": 64, "column": 7 } },
      "28": { "start": { "line": 62, "column": 8 }, "end": { "line": 62, "column": null } },
      "29": { "start": { "line": 63, "column": 8 }, "end": { "line": 63, "column": 14 } },
      "30": { "start": { "line": 66, "column": 6 }, "end": { "line": 70, "column": 7 } },
      "31": { "start": { "line": 67, "column": 8 }, "end": { "line": 67, "column": null } },
      "32": { "start": { "line": 71, "column": 6 }, "end": { "line": 71, "column": null } },
      "33": { "start": { "line": 73, "column": 6 }, "end": { "line": 73, "column": null } },
      "34": { "start": { "line": 74, "column": 6 }, "end": { "line": 74, "column": null } },
      "35": { "start": { "line": 78, "column": 2 }, "end": { "line": 105, "column": null } },
      "36": { "start": { "line": 79, "column": 4 }, "end": { "line": 104, "column": 5 } },
      "37": { "start": { "line": 80, "column": 6 }, "end": { "line": 83, "column": 7 } },
      "38": { "start": { "line": 81, "column": 8 }, "end": { "line": 81, "column": null } },
      "39": { "start": { "line": 82, "column": 8 }, "end": { "line": 82, "column": 14 } },
      "40": { "start": { "line": 84, "column": 17 }, "end": { "line": 84, "column": 97 } },
      "41": { "start": { "line": 85, "column": 6 }, "end": { "line": 88, "column": 7 } },
      "42": { "start": { "line": 86, "column": 8 }, "end": { "line": 86, "column": null } },
      "43": { "start": { "line": 87, "column": 8 }, "end": { "line": 87, "column": 14 } },
      "44": { "start": { "line": 89, "column": 19 }, "end": { "line": 89, "column": 49 } },
      "45": { "start": { "line": 90, "column": 6 }, "end": { "line": 93, "column": 7 } },
      "46": { "start": { "line": 91, "column": 8 }, "end": { "line": 91, "column": null } },
      "47": { "start": { "line": 92, "column": 8 }, "end": { "line": 92, "column": 14 } },
      "48": { "start": { "line": 95, "column": 6 }, "end": { "line": 99, "column": 7 } },
      "49": { "start": { "line": 96, "column": 8 }, "end": { "line": 96, "column": null } },
      "50": { "start": { "line": 100, "column": 6 }, "end": { "line": 100, "column": null } },
      "51": { "start": { "line": 102, "column": 6 }, "end": { "line": 102, "column": null } },
      "52": { "start": { "line": 103, "column": 6 }, "end": { "line": 103, "column": null } },
      "53": { "start": { "line": 18, "column": 4 }, "end": { "line": 24, "column": null } },
      "54": { "start": { "line": 8, "column": 0 }, "end": { "line": 8, "column": 13 } }
    },
    "fnMap": {
      "0": {
        "name": "(anonymous_0)",
        "decl": { "start": { "line": 9, "column": 2 }, "end": { "line": 9, "column": 31 } },
        "loc": { "start": { "line": 9, "column": 55 }, "end": { "line": 9, "column": 59 } }
      },
      "1": {
        "name": "(anonymous_1)",
        "decl": { "start": { "line": 27, "column": 11 }, "end": { "line": 27, "column": 16 } },
        "loc": { "start": { "line": 27, "column": 68 }, "end": { "line": 42, "column": 3 } }
      },
      "2": {
        "name": "(anonymous_2)",
        "decl": { "start": { "line": 36, "column": 33 }, "end": { "line": 36, "column": 34 } },
        "loc": { "start": { "line": 36, "column": 40 }, "end": { "line": 36, "column": 58 } }
      },
      "3": {
        "name": "(anonymous_3)",
        "decl": { "start": { "line": 44, "column": 15 }, "end": { "line": 44, "column": 20 } },
        "loc": { "start": { "line": 44, "column": 72 }, "end": { "line": 76, "column": 3 } }
      },
      "4": {
        "name": "(anonymous_4)",
        "decl": { "start": { "line": 78, "column": 11 }, "end": { "line": 78, "column": 16 } },
        "loc": { "start": { "line": 78, "column": 68 }, "end": { "line": 105, "column": 3 } }
      },
      "5": {
        "name": "(anonymous_5)",
        "decl": { "start": { "line": 11, "column": 10 }, "end": { "line": 11, "column": 20 } },
        "loc": { "start": { "line": 17, "column": 3 }, "end": { "line": 25, "column": 3 } }
      }
    },
    "branchMap": {
      "0": {
        "loc": { "start": { "line": 29, "column": 6 }, "end": { "line": 32, "column": 7 } },
        "type": "if",
        "locations": [
          { "start": { "line": 29, "column": 6 }, "end": { "line": 32, "column": 7 } },
          { "start": {}, "end": {} }
        ]
      },
      "1": {
        "loc": { "start": { "line": 46, "column": 6 }, "end": { "line": 49, "column": 7 } },
        "type": "if",
        "locations": [
          { "start": { "line": 46, "column": 6 }, "end": { "line": 49, "column": 7 } },
          { "start": {}, "end": {} }
        ]
      },
      "2": {
        "loc": { "start": { "line": 50, "column": 17 }, "end": { "line": 50, "column": 97 } },
        "type": "cond-expr",
        "locations": [
          { "start": { "line": 50, "column": 51 }, "end": { "line": 50, "column": 70 } },
          { "start": { "line": 50, "column": 74 }, "end": { "line": 50, "column": 96 } }
        ]
      },
      "3": {
        "loc": { "start": { "line": 50, "column": 74 }, "end": { "line": 50, "column": 96 } },
        "type": "binary-expr",
        "locations": [
          { "start": { "line": 50, "column": 74 }, "end": { "line": 50, "column": 90 } },
          { "start": { "line": 50, "column": 94 }, "end": { "line": 50, "column": 96 } }
        ]
      },
      "4": {
        "loc": { "start": { "line": 52, "column": 6 }, "end": { "line": 55, "column": 7 } },
        "type": "if",
        "locations": [
          { "start": { "line": 52, "column": 6 }, "end": { "line": 55, "column": 7 } },
          { "start": {}, "end": {} }
        ]
      },
      "5": {
        "loc": { "start": { "line": 52, "column": 10 }, "end": { "line": 52, "column": 64 } },
        "type": "binary-expr",
        "locations": [
          { "start": { "line": 52, "column": 10 }, "end": { "line": 52, "column": 15 } },
          { "start": { "line": 52, "column": 19 }, "end": { "line": 52, "column": 64 } }
        ]
      },
      "6": {
        "loc": { "start": { "line": 56, "column": 6 }, "end": { "line": 59, "column": 7 } },
        "type": "if",
        "locations": [
          { "start": { "line": 56, "column": 6 }, "end": { "line": 59, "column": 7 } },
          { "start": {}, "end": {} }
        ]
      },
      "7": {
        "loc": { "start": { "line": 61, "column": 6 }, "end": { "line": 64, "column": 7 } },
        "type": "if",
        "locations": [
          { "start": { "line": 61, "column": 6 }, "end": { "line": 64, "column": 7 } },
          { "start": {}, "end": {} }
        ]
      },
      "8": {
        "loc": { "start": { "line": 80, "column": 6 }, "end": { "line": 83, "column": 7 } },
        "type": "if",
        "locations": [
          { "start": { "line": 80, "column": 6 }, "end": { "line": 83, "column": 7 } },
          { "start": {}, "end": {} }
        ]
      },
      "9": {
        "loc": { "start": { "line": 84, "column": 17 }, "end": { "line": 84, "column": 97 } },
        "type": "cond-expr",
        "locations": [
          { "start": { "line": 84, "column": 51 }, "end": { "line": 84, "column": 70 } },
          { "start": { "line": 84, "column": 74 }, "end": { "line": 84, "column": 96 } }
        ]
      },
      "10": {
        "loc": { "start": { "line": 84, "column": 74 }, "end": { "line": 84, "column": 96 } },
        "type": "binary-expr",
        "locations": [
          { "start": { "line": 84, "column": 74 }, "end": { "line": 84, "column": 90 } },
          { "start": { "line": 84, "column": 94 }, "end": { "line": 84, "column": 96 } }
        ]
      },
      "11": {
        "loc": { "start": { "line": 85, "column": 6 }, "end": { "line": 88, "column": 7 } },
        "type": "if",
        "locations": [
          { "start": { "line": 85, "column": 6 }, "end": { "line": 88, "column": 7 } },
          { "start": {}, "end": {} }
        ]
      },
      "12": {
        "loc": { "start": { "line": 90, "column": 6 }, "end": { "line": 93, "column": 7 } },
        "type": "if",
        "locations": [
          { "start": { "line": 90, "column": 6 }, "end": { "line": 93, "column": 7 } },
          { "start": {}, "end": {} }
        ]
      }
    },
    "s": {
      "0": 1,
      "1": 1,
      "2": 9,
      "3": 9,
      "4": 2,
      "5": 2,
      "6": 1,
      "7": 1,
      "8": 1,
      "9": 1,
      "10": 1,
      "11": 0,
      "12": 0,
      "13": 9,
      "14": 4,
      "15": 4,
      "16": 0,
      "17": 0,
      "18": 4,
      "19": 4,
      "20": 4,
      "21": 1,
      "22": 1,
      "23": 3,
      "24": 1,
      "25": 1,
      "26": 2,
      "27": 2,
      "28": 1,
      "29": 1,
      "30": 1,
      "31": 1,
      "32": 1,
      "33": 0,
      "34": 0,
      "35": 9,
      "36": 3,
      "37": 3,
      "38": 0,
      "39": 0,
      "40": 3,
      "41": 3,
      "42": 1,
      "43": 1,
      "44": 2,
      "45": 2,
      "46": 1,
      "47": 1,
      "48": 1,
      "49": 1,
      "50": 1,
      "51": 0,
      "52": 0,
      "53": 2,
      "54": 1
    },
    "f": { "0": 9, "1": 2, "2": 1, "3": 4, "4": 3, "5": 2 },
    "b": {
      "0": [1, 1],
      "1": [0, 4],
      "2": [0, 4],
      "3": [4, 0],
      "4": [1, 3],
      "5": [4, 4],
      "6": [1, 2],
      "7": [1, 1],
      "8": [0, 3],
      "9": [0, 3],
      "10": [3, 0],
      "11": [1, 2],
      "12": [1, 1]
    }
  },
  "/Users/koushikpanda/Desktop/assignment/backend/src/controllers/VideoController.ts": {
    "path": "/Users/koushikpanda/Desktop/assignment/backend/src/controllers/VideoController.ts",
    "statementMap": {
      "0": { "start": { "line": 1, "column": 0 }, "end": { "line": 1, "column": 19 } },
      "1": { "start": { "line": 4, "column": 0 }, "end": { "line": 4, "column": 40 } },
      "2": { "start": { "line": 9, "column": 31 }, "end": { "line": 9, "column": 57 } },
      "3": { "start": { "line": 11, "column": 2 }, "end": { "line": 45, "column": null } },
      "4": { "start": { "line": 12, "column": 4 }, "end": { "line": 44, "column": 5 } },
      "5": { "start": { "line": 13, "column": 6 }, "end": { "line": 16, "column": 7 } },
      "6": { "start": { "line": 14, "column": 8 }, "end": { "line": 14, "column": null } },
      "7": { "start": { "line": 15, "column": 8 }, "end": { "line": 15, "column": 14 } },
      "8": { "start": { "line": 17, "column": 6 }, "end": { "line": 20, "column": 7 } },
      "9": { "start": { "line": 18, "column": 8 }, "end": { "line": 18, "column": null } },
      "10": { "start": { "line": 19, "column": 8 }, "end": { "line": 19, "column": 14 } },
      "11": { "start": { "line": 22, "column": 37 }, "end": { "line": 22, "column": 89 } },
      "12": { "start": { "line": 23, "column": 6 }, "end": { "line": 26, "column": 7 } },
      "13": { "start": { "line": 24, "column": 8 }, "end": { "line": 24, "column": null } },
      "14": { "start": { "line": 25, "column": 8 }, "end": { "line": 25, "column": 14 } },
      "15": { "start": { "line": 28, "column": 20 }, "end": { "line": 33, "column": 8 } },
      "16": { "start": { "line": 35, "column": 6 }, "end": { "line": 39, "column": null } },
      "17": { "start": { "line": 41, "column": 22 }, "end": { "line": 41, "column": 78 } },
      "18": { "start": { "line": 42, "column": 6 }, "end": { "line": 42, "column": null } },
      "19": { "start": { "line": 43, "column": 6 }, "end": { "line": 43, "column": null } },
      "20": { "start": { "line": 47, "column": 2 }, "end": { "line": 72, "column": null } },
      "21": { "start": { "line": 48, "column": 4 }, "end": { "line": 71, "column": 5 } },
      "22": { "start": { "line": 49, "column": 6 }, "end": { "line": 52, "column": 7 } },
      "23": { "start": { "line": 50, "column": 8 }, "end": { "line": 50, "column": null } },
      "24": { "start": { "line": 51, "column": 8 }, "end": { "line": 51, "column": 14 } },
      "25": { "start": { "line": 54, "column": 24 }, "end": { "line": 54, "column": 43 } },
      "26": { "start": { "line": 55, "column": 24 }, "end": { "line": 55, "column": 43 } },
      "27": { "start": { "line": 56, "column": 22 }, "end": { "line": 56, "column": 73 } },
      "28": { "start": { "line": 60, "column": 22 }, "end": { "line": 60, "column": 73 } },
      "29": { "start": { "line": 62, "column": 21 }, "end": { "line": 62, "column": 99 } },
      "30": { "start": { "line": 64, "column": 6 }, "end": { "line": 67, "column": null } },
      "31": { "start": { "line": 66, "column": 42 }, "end": { "line": 66, "column": 61 } },
      "32": { "start": { "line": 69, "column": 6 }, "end": { "line": 69, "column": null } },
      "33": { "start": { "line": 70, "column": 6 }, "end": { "line": 70, "column": null } },
      "34": { "start": { "line": 74, "column": 2 }, "end": { "line": 87, "column": null } },
      "35": { "start": { "line": 75, "column": 4 }, "end": { "line": 86, "column": 5 } },
      "36": { "start": { "line": 76, "column": 6 }, "end": { "line": 79, "column": 7 } },
      "37": { "start": { "line": 77, "column": 8 }, "end": { "line": 77, "column": null } },
      "38": { "start": { "line": 78, "column": 8 }, "end": { "line": 78, "column": 14 } },
      "39": { "start": { "line": 80, "column": 17 }, "end": { "line": 80, "column": 97 } },
      "40": { "start": { "line": 81, "column": 20 }, "end": { "line": 81, "column": 83 } },
      "41": { "start": { "line": 82, "column": 6 }, "end": { "line": 82, "column": null } },
      "42": { "start": { "line": 84, "column": 22 }, "end": { "line": 84, "column": 86 } },
      "43": { "start": { "line": 85, "column": 6 }, "end": { "line": 85, "column": null } },
      "44": { "start": { "line": 89, "column": 2 }, "end": { "line": 112, "column": null } },
      "45": { "start": { "line": 90, "column": 4 }, "end": { "line": 111, "column": 5 } },
      "46": { "start": { "line": 91, "column": 6 }, "end": { "line": 94, "column": 7 } },
      "47": { "start": { "line": 92, "column": 8 }, "end": { "line": 92, "column": null } },
      "48": { "start": { "line": 93, "column": 8 }, "end": { "line": 93, "column": 14 } },
      "49": { "start": { "line": 95, "column": 17 }, "end": { "line": 95, "column": 97 } },
      "50": { "start": { "line": 96, "column": 37 }, "end": { "line": 96, "column": 89 } },
      "51": { "start": { "line": 97, "column": 6 }, "end": { "line": 100, "column": 7 } },
      "52": { "start": { "line": 98, "column": 8 }, "end": { "line": 98, "column": null } },
      "53": { "start": { "line": 99, "column": 8 }, "end": { "line": 99, "column": 14 } },
      "54": { "start": { "line": 101, "column": 20 }, "end": { "line": 105, "column": null } },
      "55": { "start": { "line": 107, "column": 6 }, "end": { "line": 107, "column": null } },
      "56": { "start": { "line": 109, "column": 22 }, "end": { "line": 109, "column": 87 } },
      "57": { "start": { "line": 110, "column": 6 }, "end": { "line": 110, "column": null } },
      "58": { "start": { "line": 114, "column": 2 }, "end": { "line": 127, "column": null } },
      "59": { "start": { "line": 115, "column": 4 }, "end": { "line": 126, "column": 5 } },
      "60": { "start": { "line": 116, "column": 6 }, "end": { "line": 119, "column": 7 } },
      "61": { "start": { "line": 117, "column": 8 }, "end": { "line": 117, "column": null } },
      "62": { "start": { "line": 118, "column": 8 }, "end": { "line": 118, "column": 14 } },
      "63": { "start": { "line": 120, "column": 17 }, "end": { "line": 120, "column": 97 } },
      "64": { "start": { "line": 121, "column": 6 }, "end": { "line": 121, "column": null } },
      "65": { "start": { "line": 122, "column": 6 }, "end": { "line": 122, "column": null } },
      "66": { "start": { "line": 124, "column": 22 }, "end": { "line": 124, "column": 87 } },
      "67": { "start": { "line": 125, "column": 6 }, "end": { "line": 125, "column": null } },
      "68": { "start": { "line": 129, "column": 2 }, "end": { "line": 141, "column": null } },
      "69": { "start": { "line": 130, "column": 4 }, "end": { "line": 140, "column": 5 } },
      "70": { "start": { "line": 131, "column": 6 }, "end": { "line": 134, "column": 7 } },
      "71": { "start": { "line": 132, "column": 8 }, "end": { "line": 132, "column": null } },
      "72": { "start": { "line": 133, "column": 8 }, "end": { "line": 133, "column": 14 } },
      "73": { "start": { "line": 135, "column": 20 }, "end": { "line": 135, "column": 80 } },
      "74": { "start": { "line": 136, "column": 6 }, "end": { "line": 136, "column": null } },
      "75": { "start": { "line": 138, "column": 6 }, "end": { "line": 138, "column": null } },
      "76": { "start": { "line": 139, "column": 6 }, "end": { "line": 139, "column": null } },
      "77": { "start": { "line": 143, "column": 2 }, "end": { "line": 191, "column": null } },
      "78": { "start": { "line": 144, "column": 4 }, "end": { "line": 190, "column": 5 } },
      "79": { "start": { "line": 145, "column": 6 }, "end": { "line": 148, "column": 7 } },
      "80": { "start": { "line": 146, "column": 8 }, "end": { "line": 146, "column": null } },
      "81": { "start": { "line": 147, "column": 8 }, "end": { "line": 147, "column": 14 } },
      "82": { "start": { "line": 150, "column": 17 }, "end": { "line": 150, "column": 97 } },
      "83": { "start": { "line": 151, "column": 20 }, "end": { "line": 151, "column": 83 } },
      "84": { "start": { "line": 153, "column": 6 }, "end": { "line": 156, "column": 7 } },
      "85": { "start": { "line": 154, "column": 8 }, "end": { "line": 154, "column": null } },
      "86": { "start": { "line": 155, "column": 8 }, "end": { "line": 155, "column": 14 } },
      "87": { "start": { "line": 158, "column": 37 }, "end": { "line": 158, "column": 84 } },
      "88": { "start": { "line": 159, "column": 26 }, "end": { "line": 159, "column": 43 } },
      "89": { "start": { "line": 161, "column": 6 }, "end": { "line": 169, "column": 7 } },
      "90": { "start": { "line": 162, "column": 8 }, "end": { "line": 166, "column": null } },
      "91": { "start": { "line": 167, "column": 8 }, "end": { "line": 167, "column": null } },
      "92": { "start": { "line": 168, "column": 8 }, "end": { "line": 168, "column": 14 } },
      "93": { "start": { "line": 171, "column": 33 }, "end": { "line": 171, "column": 77 } },
      "94": { "start": { "line": 172, "column": 20 }, "end": { "line": 172, "column": 49 } },
      "95": { "start": { "line": 173, "column": 18 }, "end": { "line": 173, "column": 93 } },
      "96": { "start": { "line": 174, "column": 24 }, "end": { "line": 174, "column": 39 } },
      "97": { "start": { "line": 176, "column": 6 }, "end": { "line": 181, "column": null } },
      "98": { "start": { "line": 183, "column": 6 }, "end": { "line": 183, "column": null } },
      "99": { "start": { "line": 185, "column": 22 }, "end": { "line": 185, "column": 81 } },
      "100": { "start": { "line": 186, "column": 6 }, "end": { "line": 186, "column": null } },
      "101": { "start": { "line": 187, "column": 6 }, "end": { "line": 189, "column": 7 } },
      "102": { "start": { "line": 188, "column": 8 }, "end": { "line": 188, "column": null } },
      "103": { "start": { "line": 193, "column": 2 }, "end": { "line": 216, "column": null } },
      "104": { "start": { "line": 194, "column": 4 }, "end": { "line": 215, "column": 5 } },
      "105": { "start": { "line": 195, "column": 6 }, "end": { "line": 198, "column": 7 } },
      "106": { "start": { "line": 196, "column": 8 }, "end": { "line": 196, "column": null } },
      "107": { "start": { "line": 197, "column": 8 }, "end": { "line": 197, "column": 14 } },
      "108": { "start": { "line": 199, "column": 17 }, "end": { "line": 199, "column": 97 } },
      "109": { "start": { "line": 200, "column": 20 }, "end": { "line": 200, "column": 83 } },
      "110": { "start": { "line": 202, "column": 6 }, "end": { "line": 205, "column": 7 } },
      "111": { "start": { "line": 203, "column": 8 }, "end": { "line": 203, "column": null } },
      "112": { "start": { "line": 204, "column": 8 }, "end": { "line": 204, "column": 14 } },
      "113": { "start": { "line": 207, "column": 27 }, "end": { "line": 207, "column": 75 } },
      "114": { "start": { "line": 208, "column": 6 }, "end": { "line": 208, "column": null } },
      "115": { "start": { "line": 209, "column": 6 }, "end": { "line": 209, "column": null } },
      "116": { "start": { "line": 210, "column": 17 }, "end": { "line": 210, "column": 35 } },
      "117": { "start": { "line": 211, "column": 6 }, "end": { "line": 211, "column": null } },
      "118": { "start": { "line": 213, "column": 22 }, "end": { "line": 213, "column": 90 } },
      "119": { "start": { "line": 214, "column": 6 }, "end": { "line": 214, "column": null } },
      "120": { "start": { "line": 214, "column": 28 }, "end": { "line": 214, "column": null } },
      "121": { "start": { "line": 219, "column": 4 }, "end": { "line": 235, "column": null } },
      "122": { "start": { "line": 8, "column": 0 }, "end": { "line": 8, "column": 13 } }
    },
    "fnMap": {
      "0": {
        "name": "(anonymous_10)",
        "decl": { "start": { "line": 9, "column": 2 }, "end": { "line": 9, "column": 31 } },
        "loc": { "start": { "line": 9, "column": 57 }, "end": { "line": 9, "column": 61 } }
      },
      "1": {
        "name": "(anonymous_11)",
        "decl": { "start": { "line": 11, "column": 11 }, "end": { "line": 11, "column": 16 } },
        "loc": { "start": { "line": 11, "column": 68 }, "end": { "line": 45, "column": 3 } }
      },
      "2": {
        "name": "(anonymous_12)",
        "decl": { "start": { "line": 47, "column": 11 }, "end": { "line": 47, "column": 16 } },
        "loc": { "start": { "line": 47, "column": 68 }, "end": { "line": 72, "column": 3 } }
      },
      "3": {
        "name": "(anonymous_13)",
        "decl": { "start": { "line": 66, "column": 35 }, "end": { "line": 66, "column": 36 } },
        "loc": { "start": { "line": 66, "column": 42 }, "end": { "line": 66, "column": 61 } }
      },
      "4": {
        "name": "(anonymous_14)",
        "decl": { "start": { "line": 74, "column": 12 }, "end": { "line": 74, "column": 17 } },
        "loc": { "start": { "line": 74, "column": 69 }, "end": { "line": 87, "column": 3 } }
      },
      "5": {
        "name": "(anonymous_15)",
        "decl": { "start": { "line": 89, "column": 11 }, "end": { "line": 89, "column": 16 } },
        "loc": { "start": { "line": 89, "column": 68 }, "end": { "line": 112, "column": 3 } }
      },
      "6": {
        "name": "(anonymous_16)",
        "decl": { "start": { "line": 114, "column": 11 }, "end": { "line": 114, "column": 16 } },
        "loc": { "start": { "line": 114, "column": 68 }, "end": { "line": 127, "column": 3 } }
      },
      "7": {
        "name": "(anonymous_17)",
        "decl": { "start": { "line": 129, "column": 13 }, "end": { "line": 129, "column": 18 } },
        "loc": { "start": { "line": 129, "column": 70 }, "end": { "line": 141, "column": 3 } }
      },
      "8": {
        "name": "(anonymous_18)",
        "decl": { "start": { "line": 143, "column": 11 }, "end": { "line": 143, "column": 16 } },
        "loc": { "start": { "line": 143, "column": 68 }, "end": { "line": 191, "column": 3 } }
      },
      "9": {
        "name": "(anonymous_19)",
        "decl": { "start": { "line": 193, "column": 14 }, "end": { "line": 193, "column": 19 } },
        "loc": { "start": { "line": 193, "column": 71 }, "end": { "line": 216, "column": 3 } }
      },
      "10": {
        "name": "(anonymous_20)",
        "decl": { "start": { "line": 210, "column": 17 }, "end": { "line": 210, "column": 30 } },
        "loc": { "start": { "line": 210, "column": 17 }, "end": { "line": 210, "column": 35 } }
      },
      "11": {
        "name": "(anonymous_21)",
        "decl": { "start": { "line": 218, "column": 10 }, "end": { "line": 218, "column": 21 } },
        "loc": { "start": { "line": 218, "column": 35 }, "end": { "line": 236, "column": 3 } }
      }
    },
    "branchMap": {
      "0": {
        "loc": { "start": { "line": 13, "column": 6 }, "end": { "line": 16, "column": 7 } },
        "type": "if",
        "locations": [
          { "start": { "line": 13, "column": 6 }, "end": { "line": 16, "column": 7 } },
          { "start": {}, "end": {} }
        ]
      },
      "1": {
        "loc": { "start": { "line": 17, "column": 6 }, "end": { "line": 20, "column": 7 } },
        "type": "if",
        "locations": [
          { "start": { "line": 17, "column": 6 }, "end": { "line": 20, "column": 7 } },
          { "start": {}, "end": {} }
        ]
      },
      "2": {
        "loc": { "start": { "line": 23, "column": 6 }, "end": { "line": 26, "column": 7 } },
        "type": "if",
        "locations": [
          { "start": { "line": 23, "column": 6 }, "end": { "line": 26, "column": 7 } },
          { "start": {}, "end": {} }
        ]
      },
      "3": {
        "loc": { "start": { "line": 41, "column": 22 }, "end": { "line": 41, "column": 78 } },
        "type": "cond-expr",
        "locations": [
          { "start": { "line": 41, "column": 47 }, "end": { "line": 41, "column": 60 } },
          { "start": { "line": 41, "column": 63 }, "end": { "line": 41, "column": 78 } }
        ]
      },
      "4": {
        "loc": { "start": { "line": 49, "column": 6 }, "end": { "line": 52, "column": 7 } },
        "type": "if",
        "locations": [
          { "start": { "line": 49, "column": 6 }, "end": { "line": 52, "column": 7 } },
          { "start": {}, "end": {} }
        ]
      },
      "5": {
        "loc": { "start": { "line": 56, "column": 22 }, "end": { "line": 56, "column": 73 } },
        "type": "cond-expr",
        "locations": [
          { "start": { "line": 56, "column": 49 }, "end": { "line": 56, "column": 61 } },
          { "start": { "line": 56, "column": 64 }, "end": { "line": 56, "column": 73 } }
        ]
      },
      "6": {
        "loc": { "start": { "line": 60, "column": 22 }, "end": { "line": 60, "column": 73 } },
        "type": "cond-expr",
        "locations": [
          { "start": { "line": 60, "column": 49 }, "end": { "line": 60, "column": 61 } },
          { "start": { "line": 60, "column": 64 }, "end": { "line": 60, "column": 73 } }
        ]
      },
      "7": {
        "loc": { "start": { "line": 76, "column": 6 }, "end": { "line": 79, "column": 7 } },
        "type": "if",
        "locations": [
          { "start": { "line": 76, "column": 6 }, "end": { "line": 79, "column": 7 } },
          { "start": {}, "end": {} }
        ]
      },
      "8": {
        "loc": { "start": { "line": 80, "column": 17 }, "end": { "line": 80, "column": 97 } },
        "type": "cond-expr",
        "locations": [
          { "start": { "line": 80, "column": 51 }, "end": { "line": 80, "column": 70 } },
          { "start": { "line": 80, "column": 74 }, "end": { "line": 80, "column": 96 } }
        ]
      },
      "9": {
        "loc": { "start": { "line": 80, "column": 74 }, "end": { "line": 80, "column": 96 } },
        "type": "binary-expr",
        "locations": [
          { "start": { "line": 80, "column": 74 }, "end": { "line": 80, "column": 90 } },
          { "start": { "line": 80, "column": 94 }, "end": { "line": 80, "column": 96 } }
        ]
      },
      "10": {
        "loc": { "start": { "line": 84, "column": 22 }, "end": { "line": 84, "column": 86 } },
        "type": "cond-expr",
        "locations": [
          { "start": { "line": 84, "column": 47 }, "end": { "line": 84, "column": 60 } },
          { "start": { "line": 84, "column": 63 }, "end": { "line": 84, "column": 86 } }
        ]
      },
      "11": {
        "loc": { "start": { "line": 85, "column": 17 }, "end": { "line": 85, "column": 58 } },
        "type": "cond-expr",
        "locations": [
          { "start": { "line": 85, "column": 49 }, "end": { "line": 85, "column": 52 } },
          { "start": { "line": 85, "column": 55 }, "end": { "line": 85, "column": 58 } }
        ]
      },
      "12": {
        "loc": { "start": { "line": 91, "column": 6 }, "end": { "line": 94, "column": 7 } },
        "type": "if",
        "locations": [
          { "start": { "line": 91, "column": 6 }, "end": { "line": 94, "column": 7 } },
          { "start": {}, "end": {} }
        ]
      },
      "13": {
        "loc": { "start": { "line": 95, "column": 17 }, "end": { "line": 95, "column": 97 } },
        "type": "cond-expr",
        "locations": [
          { "start": { "line": 95, "column": 51 }, "end": { "line": 95, "column": 70 } },
          { "start": { "line": 95, "column": 74 }, "end": { "line": 95, "column": 96 } }
        ]
      },
      "14": {
        "loc": { "start": { "line": 95, "column": 74 }, "end": { "line": 95, "column": 96 } },
        "type": "binary-expr",
        "locations": [
          { "start": { "line": 95, "column": 74 }, "end": { "line": 95, "column": 90 } },
          { "start": { "line": 95, "column": 94 }, "end": { "line": 95, "column": 96 } }
        ]
      },
      "15": {
        "loc": { "start": { "line": 97, "column": 6 }, "end": { "line": 100, "column": 7 } },
        "type": "if",
        "locations": [
          { "start": { "line": 97, "column": 6 }, "end": { "line": 100, "column": 7 } },
          { "start": {}, "end": {} }
        ]
      },
      "16": {
        "loc": { "start": { "line": 109, "column": 22 }, "end": { "line": 109, "column": 87 } },
        "type": "cond-expr",
        "locations": [
          { "start": { "line": 109, "column": 47 }, "end": { "line": 109, "column": 60 } },
          { "start": { "line": 109, "column": 63 }, "end": { "line": 109, "column": 87 } }
        ]
      },
      "17": {
        "loc": { "start": { "line": 110, "column": 17 }, "end": { "line": 110, "column": 58 } },
        "type": "cond-expr",
        "locations": [
          { "start": { "line": 110, "column": 49 }, "end": { "line": 110, "column": 52 } },
          { "start": { "line": 110, "column": 55 }, "end": { "line": 110, "column": 58 } }
        ]
      },
      "18": {
        "loc": { "start": { "line": 116, "column": 6 }, "end": { "line": 119, "column": 7 } },
        "type": "if",
        "locations": [
          { "start": { "line": 116, "column": 6 }, "end": { "line": 119, "column": 7 } },
          { "start": {}, "end": {} }
        ]
      },
      "19": {
        "loc": { "start": { "line": 120, "column": 17 }, "end": { "line": 120, "column": 97 } },
        "type": "cond-expr",
        "locations": [
          { "start": { "line": 120, "column": 51 }, "end": { "line": 120, "column": 70 } },
          { "start": { "line": 120, "column": 74 }, "end": { "line": 120, "column": 96 } }
        ]
      },
      "20": {
        "loc": { "start": { "line": 120, "column": 74 }, "end": { "line": 120, "column": 96 } },
        "type": "binary-expr",
        "locations": [
          { "start": { "line": 120, "column": 74 }, "end": { "line": 120, "column": 90 } },
          { "start": { "line": 120, "column": 94 }, "end": { "line": 120, "column": 96 } }
        ]
      },
      "21": {
        "loc": { "start": { "line": 124, "column": 22 }, "end": { "line": 124, "column": 87 } },
        "type": "cond-expr",
        "locations": [
          { "start": { "line": 124, "column": 47 }, "end": { "line": 124, "column": 60 } },
          { "start": { "line": 124, "column": 63 }, "end": { "line": 124, "column": 87 } }
        ]
      },
      "22": {
        "loc": { "start": { "line": 125, "column": 17 }, "end": { "line": 125, "column": 58 } },
        "type": "cond-expr",
        "locations": [
          { "start": { "line": 125, "column": 49 }, "end": { "line": 125, "column": 52 } },
          { "start": { "line": 125, "column": 55 }, "end": { "line": 125, "column": 58 } }
        ]
      },
      "23": {
        "loc": { "start": { "line": 131, "column": 6 }, "end": { "line": 134, "column": 7 } },
        "type": "if",
        "locations": [
          { "start": { "line": 131, "column": 6 }, "end": { "line": 134, "column": 7 } },
          { "start": {}, "end": {} }
        ]
      },
      "24": {
        "loc": { "start": { "line": 145, "column": 6 }, "end": { "line": 148, "column": 7 } },
        "type": "if",
        "locations": [
          { "start": { "line": 145, "column": 6 }, "end": { "line": 148, "column": 7 } },
          { "start": {}, "end": {} }
        ]
      },
      "25": {
        "loc": { "start": { "line": 150, "column": 17 }, "end": { "line": 150, "column": 97 } },
        "type": "cond-expr",
        "locations": [
          { "start": { "line": 150, "column": 51 }, "end": { "line": 150, "column": 70 } },
          { "start": { "line": 150, "column": 74 }, "end": { "line": 150, "column": 96 } }
        ]
      },
      "26": {
        "loc": { "start": { "line": 150, "column": 74 }, "end": { "line": 150, "column": 96 } },
        "type": "binary-expr",
        "locations": [
          { "start": { "line": 150, "column": 74 }, "end": { "line": 150, "column": 90 } },
          { "start": { "line": 150, "column": 94 }, "end": { "line": 150, "column": 96 } }
        ]
      },
      "27": {
        "loc": { "start": { "line": 153, "column": 6 }, "end": { "line": 156, "column": 7 } },
        "type": "if",
        "locations": [
          { "start": { "line": 153, "column": 6 }, "end": { "line": 156, "column": 7 } },
          { "start": {}, "end": {} }
        ]
      },
      "28": {
        "loc": { "start": { "line": 153, "column": 10 }, "end": { "line": 153, "column": 63 } },
        "type": "binary-expr",
        "locations": [
          { "start": { "line": 153, "column": 10 }, "end": { "line": 153, "column": 33 } },
          { "start": { "line": 153, "column": 37 }, "end": { "line": 153, "column": 63 } }
        ]
      },
      "29": {
        "loc": { "start": { "line": 161, "column": 6 }, "end": { "line": 169, "column": 7 } },
        "type": "if",
        "locations": [
          { "start": { "line": 161, "column": 6 }, "end": { "line": 169, "column": 7 } },
          { "start": {}, "end": {} }
        ]
      },
      "30": {
        "loc": { "start": { "line": 172, "column": 29 }, "end": { "line": 172, "column": 44 } },
        "type": "binary-expr",
        "locations": [
          { "start": { "line": 172, "column": 29 }, "end": { "line": 172, "column": 37 } },
          { "start": { "line": 172, "column": 41 }, "end": { "line": 172, "column": 44 } }
        ]
      },
      "31": {
        "loc": { "start": { "line": 173, "column": 18 }, "end": { "line": 173, "column": 93 } },
        "type": "cond-expr",
        "locations": [
          { "start": { "line": 173, "column": 27 }, "end": { "line": 173, "column": 47 } },
          { "start": { "line": 173, "column": 50 }, "end": { "line": 173, "column": 93 } }
        ]
      },
      "32": {
        "loc": { "start": { "line": 185, "column": 22 }, "end": { "line": 185, "column": 81 } },
        "type": "cond-expr",
        "locations": [
          { "start": { "line": 185, "column": 47 }, "end": { "line": 185, "column": 60 } },
          { "start": { "line": 185, "column": 63 }, "end": { "line": 185, "column": 81 } }
        ]
      },
      "33": {
        "loc": { "start": { "line": 187, "column": 6 }, "end": { "line": 189, "column": 7 } },
        "type": "if",
        "locations": [
          { "start": { "line": 187, "column": 6 }, "end": { "line": 189, "column": 7 } },
          { "start": {}, "end": {} }
        ]
      },
      "34": {
        "loc": { "start": { "line": 188, "column": 19 }, "end": { "line": 188, "column": 60 } },
        "type": "cond-expr",
        "locations": [
          { "start": { "line": 188, "column": 51 }, "end": { "line": 188, "column": 54 } },
          { "start": { "line": 188, "column": 57 }, "end": { "line": 188, "column": 60 } }
        ]
      },
      "35": {
        "loc": { "start": { "line": 195, "column": 6 }, "end": { "line": 198, "column": 7 } },
        "type": "if",
        "locations": [
          { "start": { "line": 195, "column": 6 }, "end": { "line": 198, "column": 7 } },
          { "start": {}, "end": {} }
        ]
      },
      "36": {
        "loc": { "start": { "line": 199, "column": 17 }, "end": { "line": 199, "column": 97 } },
        "type": "cond-expr",
        "locations": [
          { "start": { "line": 199, "column": 51 }, "end": { "line": 199, "column": 70 } },
          { "start": { "line": 199, "column": 74 }, "end": { "line": 199, "column": 96 } }
        ]
      },
      "37": {
        "loc": { "start": { "line": 199, "column": 74 }, "end": { "line": 199, "column": 96 } },
        "type": "binary-expr",
        "locations": [
          { "start": { "line": 199, "column": 74 }, "end": { "line": 199, "column": 90 } },
          { "start": { "line": 199, "column": 94 }, "end": { "line": 199, "column": 96 } }
        ]
      },
      "38": {
        "loc": { "start": { "line": 202, "column": 6 }, "end": { "line": 205, "column": 7 } },
        "type": "if",
        "locations": [
          { "start": { "line": 202, "column": 6 }, "end": { "line": 205, "column": 7 } },
          { "start": {}, "end": {} }
        ]
      },
      "39": {
        "loc": { "start": { "line": 213, "column": 22 }, "end": { "line": 213, "column": 90 } },
        "type": "cond-expr",
        "locations": [
          { "start": { "line": 213, "column": 47 }, "end": { "line": 213, "column": 60 } },
          { "start": { "line": 213, "column": 63 }, "end": { "line": 213, "column": 90 } }
        ]
      },
      "40": {
        "loc": { "start": { "line": 214, "column": 6 }, "end": { "line": 214, "column": null } },
        "type": "if",
        "locations": [
          { "start": { "line": 214, "column": 6 }, "end": { "line": 214, "column": null } },
          { "start": {}, "end": {} }
        ]
      },
      "41": {
        "loc": { "start": { "line": 228, "column": 17 }, "end": { "line": 228, "column": 47 } },
        "type": "cond-expr",
        "locations": [
          { "start": { "line": 228, "column": 35 }, "end": { "line": 228, "column": 39 } },
          { "start": { "line": 228, "column": 42 }, "end": { "line": 228, "column": 47 } }
        ]
      }
    },
    "s": {
      "0": 1,
      "1": 1,
      "2": 17,
      "3": 17,
      "4": 4,
      "5": 4,
      "6": 1,
      "7": 1,
      "8": 3,
      "9": 1,
      "10": 1,
      "11": 2,
      "12": 2,
      "13": 1,
      "14": 1,
      "15": 1,
      "16": 1,
      "17": 0,
      "18": 0,
      "19": 0,
      "20": 17,
      "21": 2,
      "22": 2,
      "23": 1,
      "24": 1,
      "25": 1,
      "26": 1,
      "27": 1,
      "28": 1,
      "29": 1,
      "30": 1,
      "31": 1,
      "32": 0,
      "33": 0,
      "34": 17,
      "35": 2,
      "36": 2,
      "37": 0,
      "38": 0,
      "39": 2,
      "40": 2,
      "41": 1,
      "42": 1,
      "43": 1,
      "44": 17,
      "45": 3,
      "46": 3,
      "47": 0,
      "48": 0,
      "49": 3,
      "50": 3,
      "51": 3,
      "52": 1,
      "53": 1,
      "54": 2,
      "55": 1,
      "56": 1,
      "57": 1,
      "58": 17,
      "59": 2,
      "60": 2,
      "61": 0,
      "62": 0,
      "63": 2,
      "64": 2,
      "65": 1,
      "66": 1,
      "67": 1,
      "68": 17,
      "69": 1,
      "70": 1,
      "71": 0,
      "72": 0,
      "73": 1,
      "74": 1,
      "75": 0,
      "76": 0,
      "77": 17,
      "78": 3,
      "79": 3,
      "80": 0,
      "81": 0,
      "82": 3,
      "83": 3,
      "84": 3,
      "85": 1,
      "86": 1,
      "87": 2,
      "88": 2,
      "89": 2,
      "90": 1,
      "91": 1,
      "92": 0,
      "93": 1,
      "94": 1,
      "95": 1,
      "96": 1,
      "97": 1,
      "98": 1,
      "99": 2,
      "100": 2,
      "101": 2,
      "102": 2,
      "103": 17,
      "104": 0,
      "105": 0,
      "106": 0,
      "107": 0,
      "108": 0,
      "109": 0,
      "110": 0,
      "111": 0,
      "112": 0,
      "113": 0,
      "114": 0,
      "115": 0,
      "116": 0,
      "117": 0,
      "118": 0,
      "119": 0,
      "120": 0,
      "121": 4,
      "122": 1
    },
    "f": {
      "0": 17,
      "1": 4,
      "2": 2,
      "3": 1,
      "4": 2,
      "5": 3,
      "6": 2,
      "7": 1,
      "8": 3,
      "9": 0,
      "10": 0,
      "11": 4
    },
    "b": {
      "0": [1, 3],
      "1": [1, 2],
      "2": [1, 1],
      "3": [0, 0],
      "4": [1, 1],
      "5": [0, 1],
      "6": [0, 1],
      "7": [0, 2],
      "8": [0, 2],
      "9": [2, 0],
      "10": [1, 0],
      "11": [1, 0],
      "12": [0, 3],
      "13": [0, 3],
      "14": [3, 0],
      "15": [1, 2],
      "16": [1, 0],
      "17": [1, 0],
      "18": [0, 2],
      "19": [0, 2],
      "20": [2, 0],
      "21": [1, 0],
      "22": [1, 0],
      "23": [0, 1],
      "24": [0, 3],
      "25": [0, 3],
      "26": [3, 0],
      "27": [1, 2],
      "28": [3, 1],
      "29": [1, 1],
      "30": [1, 0],
      "31": [1, 0],
      "32": [2, 0],
      "33": [2, 0],
      "34": [0, 2],
      "35": [0, 0],
      "36": [0, 0],
      "37": [0, 0],
      "38": [0, 0],
      "39": [0, 0],
      "40": [0, 0],
      "41": [0, 4]
    }
  },
  "/Users/koushikpanda/Desktop/assignment/backend/src/middleware/auth.middleware.ts": {
    "path": "/Users/koushikpanda/Desktop/assignment/backend/src/middleware/auth.middleware.ts",
    "statementMap": {
      "0": { "start": { "line": 9, "column": 0 }, "end": { "line": 9, "column": 16 } },
      "1": { "start": { "line": 28, "column": 0 }, "end": { "line": 28, "column": 16 } },
      "2": { "start": { "line": 2, "column": 0 }, "end": { "line": 2, "column": 53 } },
      "3": { "start": { "line": 3, "column": 0 }, "end": { "line": 3, "column": 63 } },
      "4": { "start": { "line": 4, "column": 0 }, "end": { "line": 4, "column": 54 } },
      "5": { "start": { "line": 7, "column": 20 }, "end": { "line": 7, "column": 57 } },
      "6": { "start": { "line": 10, "column": 33 }, "end": { "line": 11, "column": null } },
      "7": { "start": { "line": 14, "column": 2 }, "end": { "line": 17, "column": 3 } },
      "8": { "start": { "line": 15, "column": 4 }, "end": { "line": 15, "column": null } },
      "9": { "start": { "line": 16, "column": 4 }, "end": { "line": 16, "column": 10 } },
      "10": { "start": { "line": 19, "column": 2 }, "end": { "line": 25, "column": 3 } },
      "11": { "start": { "line": 20, "column": 20 }, "end": { "line": 20, "column": 56 } },
      "12": { "start": { "line": 21, "column": 4 }, "end": { "line": 21, "column": null } },
      "13": { "start": { "line": 22, "column": 4 }, "end": { "line": 22, "column": null } },
      "14": { "start": { "line": 24, "column": 4 }, "end": { "line": 24, "column": null } },
      "15": { "start": { "line": 29, "column": 2 }, "end": { "line": 39, "column": null } },
      "16": { "start": { "line": 30, "column": 4 }, "end": { "line": 33, "column": 5 } },
      "17": { "start": { "line": 31, "column": 6 }, "end": { "line": 31, "column": null } },
      "18": { "start": { "line": 32, "column": 6 }, "end": { "line": 32, "column": 12 } },
      "19": { "start": { "line": 34, "column": 4 }, "end": { "line": 37, "column": 5 } },
      "20": { "start": { "line": 35, "column": 6 }, "end": { "line": 35, "column": null } },
      "21": { "start": { "line": 36, "column": 6 }, "end": { "line": 36, "column": 12 } },
      "22": { "start": { "line": 38, "column": 4 }, "end": { "line": 38, "column": null } }
    },
    "fnMap": {
      "0": {
        "name": "authenticate",
        "decl": { "start": { "line": 9, "column": 16 }, "end": { "line": 9, "column": 28 } },
        "loc": { "start": { "line": 9, "column": 80 }, "end": { "line": 26, "column": 1 } }
      },
      "1": {
        "name": "authorize",
        "decl": { "start": { "line": 28, "column": 16 }, "end": { "line": 28, "column": 25 } },
        "loc": { "start": { "line": 28, "column": 46 }, "end": { "line": 40, "column": 1 } }
      },
      "2": {
        "name": "(anonymous_2)",
        "decl": { "start": { "line": 29, "column": 9 }, "end": { "line": 29, "column": 10 } },
        "loc": { "start": { "line": 29, "column": 71 }, "end": { "line": 39, "column": 3 } }
      }
    },
    "branchMap": {
      "0": {
        "loc": { "start": { "line": 14, "column": 2 }, "end": { "line": 17, "column": 3 } },
        "type": "if",
        "locations": [
          { "start": { "line": 14, "column": 2 }, "end": { "line": 17, "column": 3 } },
          { "start": {}, "end": {} }
        ]
      },
      "1": {
        "loc": { "start": { "line": 30, "column": 4 }, "end": { "line": 33, "column": 5 } },
        "type": "if",
        "locations": [
          { "start": { "line": 30, "column": 4 }, "end": { "line": 33, "column": 5 } },
          { "start": {}, "end": {} }
        ]
      },
      "2": {
        "loc": { "start": { "line": 34, "column": 4 }, "end": { "line": 37, "column": 5 } },
        "type": "if",
        "locations": [
          { "start": { "line": 34, "column": 4 }, "end": { "line": 37, "column": 5 } },
          { "start": {}, "end": {} }
        ]
      }
    },
    "s": {
      "0": 1,
      "1": 1,
      "2": 1,
      "3": 1,
      "4": 1,
      "5": 1,
      "6": 3,
      "7": 3,
      "8": 1,
      "9": 1,
      "10": 2,
      "11": 2,
      "12": 1,
      "13": 1,
      "14": 1,
      "15": 3,
      "16": 3,
      "17": 1,
      "18": 1,
      "19": 2,
      "20": 1,
      "21": 1,
      "22": 1
    },
    "f": { "0": 3, "1": 3, "2": 3 },
    "b": { "0": [1, 2], "1": [1, 2], "2": [1, 1] }
  },
  "/Users/koushikpanda/Desktop/assignment/backend/src/models/User.ts": {
    "path": "/Users/koushikpanda/Desktop/assignment/backend/src/models/User.ts",
    "statementMap": {
      "0": { "start": { "line": 1, "column": 0 }, "end": { "line": 1, "column": 53 } },
      "1": { "start": { "line": 16, "column": 19 }, "end": { "line": 55, "column": null } },
[...]
      "18": { "start": { "line": 44, "column": 4 }, "end": { "line": 59, "column": null } },
      "19": { "start": { "line": 45, "column": 6 }, "end": { "line": 58, "column": null } },
      "20": { "start": { "line": 46, "column": 8 }, "end": { "line": 49, "column": 9 } },
      "21": { "start": { "line": 47, "column": 10 }, "end": { "line": 47, "column": null } },
      "22": { "start": { "line": 48, "column": 10 }, "end": { "line": 48, "column": 16 } },
      "23": { "start": { "line": 50, "column": 28 }, "end": { "line": 50, "column": 82 } },
      "24": { "start": { "line": 50, "column": 57 }, "end": { "line": 50, "column": 81 } },
      "25": { "start": { "line": 51, "column": 8 }, "end": { "line": 57, "column": null } },
      "26": { "start": { "line": 16, "column": 0 }, "end": { "line": 16, "column": 13 } }
    },
    "fnMap": {
      "0": {
        "name": "(anonymous_1)",
        "decl": { "start": { "line": 17, "column": 2 }, "end": { "line": 17, "column": 7 } },
        "loc": { "start": { "line": 17, "column": 38 }, "end": { "line": 39, "column": 3 } }
      },
      "1": {
        "name": "(anonymous_2)",
        "decl": { "start": { "line": 22, "column": 23 }, "end": { "line": 22, "column": 24 } },
        "loc": { "start": { "line": 22, "column": 43 }, "end": { "line": 38, "column": 5 } }
      },
      "2": {
        "name": "(anonymous_3)",
        "decl": { "start": { "line": 30, "column": 19 }, "end": { "line": 30, "column": 22 } },
        "loc": { "start": { "line": 30, "column": 24 }, "end": { "line": 33, "column": 9 } }
      },
      "3": {
        "name": "(anonymous_4)",
        "decl": { "start": { "line": 34, "column": 21 }, "end": { "line": 34, "column": 22 } },
        "loc": { "start": { "line": 34, "column": 29 }, "end": { "line": 37, "column": 9 } }
      },
      "4": {
        "name": "(anonymous_5)",
        "decl": { "start": { "line": 41, "column": 2 }, "end": { "line": 41, "column": 7 } },
        "loc": { "start": { "line": 42, "column": 25 }, "end": { "line": 60, "column": 3 } }
      },
      "5": {
        "name": "(anonymous_6)",
        "decl": { "start": { "line": 44, "column": 23 }, "end": { "line": 44, "column": 24 } },
        "loc": { "start": { "line": 44, "column": 35 }, "end": { "line": 59, "column": 5 } }
      },
      "6": {
        "name": "(anonymous_7)",
        "decl": { "start": { "line": 45, "column": 36 }, "end": { "line": 45, "column": 37 } },
        "loc": { "start": { "line": 45, "column": 54 }, "end": { "line": 58, "column": 7 } }
      },
      "7": {
        "name": "(anonymous_8)",
        "decl": { "start": { "line": 50, "column": 50 }, "end": { "line": 50, "column": 51 } },
        "loc": { "start": { "line": 50, "column": 57 }, "end": { "line": 50, "column": 81 } }
      }
    },
    "branchMap": {
      "0": {
        "loc": { "start": { "line": 11, "column": 2 }, "end": { "line": 11, "column": null } },
        "type": "if",
        "locations": [
          { "start": { "line": 11, "column": 2 }, "end": { "line": 11, "column": null } },
          { "start": {}, "end": {} }
        ]
      },
      "1": {
        "loc": { "start": { "line": 46, "column": 8 }, "end": { "line": 49, "column": 9 } },
        "type": "if",
        "locations": [
          { "start": { "line": 46, "column": 8 }, "end": { "line": 49, "column": 9 } },
          { "start": {}, "end": {} }
        ]
      },
      "2": {
        "loc": { "start": { "line": 52, "column": 20 }, "end": { "line": 52, "column": 95 } },
        "type": "cond-expr",
        "locations": [
          { "start": { "line": 52, "column": 47 }, "end": { "line": 52, "column": 83 } },
          { "start": { "line": 52, "column": 86 }, "end": { "line": 52, "column": 95 } }
        ]
      },
      "3": {
        "loc": { "start": { "line": 54, "column": 12 }, "end": { "line": 56, "column": 25 } },
        "type": "cond-expr",
        "locations": [
          { "start": { "line": 55, "column": 16 }, "end": { "line": 55, "column": 60 } },
          { "start": { "line": 56, "column": 16 }, "end": { "line": 56, "column": 25 } }
        ]
      },
      "4": {
        "loc": { "start": { "line": 54, "column": 12 }, "end": { "line": 54, "column": 53 } },
        "type": "binary-expr",
        "locations": [
          { "start": { "line": 54, "column": 12 }, "end": { "line": 54, "column": 30 } },
          { "start": { "line": 54, "column": 34 }, "end": { "line": 54, "column": 53 } }
        ]
      }
    },
    "s": {
      "0": 4,
      "1": 4,
      "2": 4,
      "3": 4,
      "4": 4,
      "5": 4,
      "6": 4,
      "7": 1,
      "8": 1,
      "9": 2,
      "10": 2,
      "11": 2,
      "12": 2,
      "13": 2,
      "14": 1,
      "15": 1,
      "16": 1,
      "17": 1,
      "18": 3,
      "19": 3,
      "20": 3,
      "21": 1,
      "22": 1,
      "23": 2,
      "24": 2,
      "25": 2,
      "26": 4
    },
    "f": { "0": 2, "1": 2, "2": 1, "3": 1, "4": 3, "5": 3, "6": 3, "7": 2 },
    "b": { "0": [1, 0], "1": [1, 2], "2": [2, 0], "3": [1, 1], "4": [2, 1] }
  },
  "/Users/koushikpanda/Desktop/assignment/backend/src/services/VideoService.ts": {
    "path": "/Users/koushikpanda/Desktop/assignment/backend/src/services/VideoService.ts",
    "statementMap": {
      "0": { "start": { "line": 1, "column": 0 }, "end": { "line": 1, "column": 19 } },
      "1": { "start": { "line": 2, "column": 0 }, "end": { "line": 2, "column": 32 } },
      "2": { "start": { "line": 4, "column": 0 }, "end": { "line": 4, "column": 55 } },
      "3": { "start": { "line": 5, "column": 0 }, "end": { "line": 5, "column": 48 } },
      "4": { "start": { "line": 6, "column": 0 }, "end": { "line": 6, "column": 40 } },
      "5": { "start": { "line": 13, "column": 31 }, "end": { "line": 13, "column": 57 } },
      "6": { "start": { "line": 14, "column": 4 }, "end": { "line": 14, "column": null } },
      "7": { "start": { "line": 23, "column": 18 }, "end": { "line": 31, "column": 6 } },
      "8": { "start": { "line": 33, "column": 21 }, "end": { "line": 33, "column": 54 } },
      "9": { "start": { "line": 36, "column": 4 }, "end": { "line": 38, "column": null } },
      "10": { "start": { "line": 37, "column": 6 }, "end": { "line": 37, "column": null } },
      "11": { "start": { "line": 40, "column": 4 }, "end": { "line": 40, "column": null } },
      "12": { "start": { "line": 45, "column": 20 }, "end": { "line": 45, "column": 58 } },
      "13": { "start": { "line": 46, "column": 4 }, "end": { "line": 46, "column": null } },
      "14": { "start": { "line": 51, "column": 6 }, "end": { "line": 53, "column": 43 } },
      "15": { "start": { "line": 55, "column": 4 }, "end": { "line": 55, "column": null } },
      "16": { "start": { "line": 55, "column": 16 }, "end": { "line": 55, "column": null } },
      "17": { "start": { "line": 56, "column": 4 }, "end": { "line": 56, "column": null } },
      "18": { "start": { "line": 66, "column": 6 }, "end": { "line": 68, "column": 43 } },
      "19": { "start": { "line": 69, "column": 4 }, "end": { "line": 69, "column": null } },
      "20": { "start": { "line": 69, "column": 16 }, "end": { "line": 69, "column": null } },
      "21": { "start": { "line": 70, "column": 20 }, "end": { "line": 70, "column": 65 } },
      "22": { "start": { "line": 71, "column": 4 }, "end": { "line": 71, "column": null } },
      "23": { "start": { "line": 71, "column": 18 }, "end": { "line": 71, "column": null } },
      "24": { "start": { "line": 72, "column": 4 }, "end": { "line": 72, "column": null } },
      "25": { "start": { "line": 77, "column": 6 }, "end": { "line": 79, "column": 43 } },
      "26": { "start": { "line": 81, "column": 4 }, "end": { "line": 81, "column": null } },
      "27": { "start": { "line": 81, "column": 16 }, "end": { "line": 81, "column": null } },
      "28": { "start": { "line": 84, "column": 21 }, "end": { "line": 84, "column": 50 } },
      "29": { "start": { "line": 85, "column": 4 }, "end": { "line": 88, "column": 5 } },
      "30": { "start": { "line": 86, "column": 6 }, "end": { "line": 86, "column": null } },
      "31": { "start": { "line": 87, "column": 6 }, "end": { "line": 87, "column": null } },
      "32": { "start": { "line": 90, "column": 4 }, "end": { "line": 90, "column": null } },
      "33": { "start": { "line": 94, "column": 4 }, "end": { "line": 94, "column": null } },
      "34": { "start": { "line": 98, "column": 21 }, "end": { "line": 98, "column": 44 } },
      "35": { "start": { "line": 99, "column": 4 }, "end": { "line": 99, "column": null } },
      "36": { "start": { "line": 99, "column": 34 }, "end": { "line": 99, "column": null } },
      "37": { "start": { "line": 100, "column": 31 }, "end": { "line": 100, "column": 52 } },
      "38": { "start": { "line": 101, "column": 4 }, "end": { "line": 101, "column": null } },
      "39": { "start": { "line": 10, "column": 0 }, "end": { "line": 10, "column": 13 } }
    },
    "fnMap": {
      "0": {
        "name": "(anonymous_1)",
        "decl": { "start": { "line": 13, "column": 2 }, "end": { "line": 13, "column": 31 } },
        "loc": { "start": { "line": 13, "column": 57 }, "end": { "line": 15, "column": 3 } }
      },
      "1": {
        "name": "(anonymous_2)",
        "decl": { "start": { "line": 17, "column": 2 }, "end": { "line": 17, "column": 7 } },
        "loc": { "start": { "line": 22, "column": 3 }, "end": { "line": 41, "column": 3 } }
      },
      "2": {
        "name": "(anonymous_3)",
        "decl": { "start": { "line": 36, "column": 84 }, "end": { "line": 36, "column": 85 } },
        "loc": { "start": { "line": 36, "column": 92 }, "end": { "line": 38, "column": 5 } }
      },
      "3": {
        "name": "(anonymous_4)",
        "decl": { "start": { "line": 43, "column": 2 }, "end": { "line": 43, "column": 7 } },
        "loc": { "start": { "line": 43, "column": 66 }, "end": { "line": 47, "column": 3 } }
      },
      "4": {
        "name": "(anonymous_5)",
        "decl": { "start": { "line": 49, "column": 2 }, "end": { "line": 49, "column": 7 } },
        "loc": { "start": { "line": 49, "column": 58 }, "end": { "line": 57, "column": 3 } }
      },
      "5": {
        "name": "(anonymous_6)",
        "decl": { "start": { "line": 59, "column": 2 }, "end": { "line": 59, "column": 7 } },
        "loc": { "start": { "line": 63, "column": 18 }, "end": { "line": 73, "column": 3 } }
      },
      "6": {
        "name": "(anonymous_7)",
        "decl": { "start": { "line": 75, "column": 2 }, "end": { "line": 75, "column": 7 } },
        "loc": { "start": { "line": 75, "column": 57 }, "end": { "line": 91, "column": 3 } }
      },
      "7": {
        "name": "(anonymous_8)",
        "decl": { "start": { "line": 93, "column": 2 }, "end": { "line": 93, "column": 7 } },
        "loc": { "start": { "line": 93, "column": 47 }, "end": { "line": 95, "column": 3 } }
      },
      "8": {
        "name": "(anonymous_9)",
        "decl": { "start": { "line": 97, "column": 2 }, "end": { "line": 97, "column": 15 } },
        "loc": { "start": { "line": 97, "column": 32 }, "end": { "line": 102, "column": 3 } }
      }
    },
    "branchMap": {
      "0": {
        "loc": { "start": { "line": 45, "column": 20 }, "end": { "line": 45, "column": 58 } },
        "type": "cond-expr",
        "locations": [
          { "start": { "line": 45, "column": 40 }, "end": { "line": 45, "column": 46 } },
          { "start": { "line": 45, "column": 49 }, "end": { "line": 45, "column": 58 } }
        ]
      },
      "1": {
        "loc": { "start": { "line": 51, "column": 6 }, "end": { "line": 53, "column": 43 } },
        "type": "cond-expr",
        "locations": [
          { "start": { "line": 52, "column": 10 }, "end": { "line": 52, "column": 59 } },
          { "start": { "line": 53, "column": 10 }, "end": { "line": 53, "column": 43 } }
        ]
      },
      "2": {
        "loc": { "start": { "line": 55, "column": 4 }, "end": { "line": 55, "column": null } },
        "type": "if",
        "locations": [
          { "start": { "line": 55, "column": 4 }, "end": { "line": 55, "column": null } },
          { "start": {}, "end": {} }
        ]
      },
      "3": {
        "loc": { "start": { "line": 66, "column": 6 }, "end": { "line": 68, "column": 43 } },
        "type": "cond-expr",
        "locations": [
          { "start": { "line": 67, "column": 10 }, "end": { "line": 67, "column": 59 } },
          { "start": { "line": 68, "column": 10 }, "end": { "line": 68, "column": 43 } }
        ]
      },
      "4": {
        "loc": { "start": { "line": 69, "column": 4 }, "end": { "line": 69, "column": null } },
        "type": "if",
        "locations": [
          { "start": { "line": 69, "column": 4 }, "end": { "line": 69, "column": null } },
          { "start": {}, "end": {} }
        ]
      },
      "5": {
        "loc": { "start": { "line": 71, "column": 4 }, "end": { "line": 71, "column": null } },
        "type": "if",
        "locations": [
          { "start": { "line": 71, "column": 4 }, "end": { "line": 71, "column": null } },
          { "start": {}, "end": {} }
        ]
      },
      "6": {
        "loc": { "start": { "line": 77, "column": 6 }, "end": { "line": 79, "column": 43 } },
        "type": "cond-expr",
        "locations": [
          { "start": { "line": 78, "column": 10 }, "end": { "line": 78, "column": 59 } },
          { "start": { "line": 79, "column": 10 }, "end": { "line": 79, "column": 43 } }
        ]
      },
      "7": {
        "loc": { "start": { "line": 81, "column": 4 }, "end": { "line": 81, "column": null } },
        "type": "if",
        "locations": [
          { "start": { "line": 81, "column": 4 }, "end": { "line": 81, "column": null } },
          { "start": {}, "end": {} }
        ]
      },
      "8": {
        "loc": { "start": { "line": 85, "column": 4 }, "end": { "line": 88, "column": 5 } },
        "type": "if",
        "locations": [
          { "start": { "line": 85, "column": 4 }, "end": { "line": 88, "column": 5 } },
          { "start": {}, "end": {} }
        ]
      },
      "9": {
        "loc": { "start": { "line": 94, "column": 11 }, "end": { "line": 94, "column": 94 } },
        "type": "cond-expr",
        "locations": [
          { "start": { "line": 94, "column": 31 }, "end": { "line": 94, "column": 66 } },
          { "start": { "line": 94, "column": 69 }, "end": { "line": 94, "column": 94 } }
        ]
      },
      "10": {
        "loc": { "start": { "line": 99, "column": 4 }, "end": { "line": 99, "column": null } },
        "type": "if",
        "locations": [
          { "start": { "line": 99, "column": 4 }, "end": { "line": 99, "column": null } },
          { "start": {}, "end": {} }
        ]
      }
    },
    "s": {
      "0": 2,
      "1": 2,
      "2": 2,
      "3": 2,
      "4": 2,
      "5": 16,
      "6": 16,
      "7": 1,
      "8": 1,
      "9": 1,
      "10": 0,
      "11": 1,
      "12": 3,
      "13": 3,
      "14": 3,
      "15": 3,
      "16": 1,
      "17": 2,
      "18": 2,
      "19": 2,
      "20": 1,
      "21": 1,
      "22": 1,
      "23": 0,
      "24": 1,
      "25": 3,
      "26": 3,
      "27": 1,
      "28": 2,
      "29": 2,
      "30": 1,
      "31": 1,
      "32": 2,
      "33": 2,
      "34": 2,
      "35": 2,
      "36": 1,
      "37": 1,
      "38": 1,
      "39": 2
    },
    "f": { "0": 16, "1": 1, "2": 0, "3": 3, "4": 3, "5": 2, "6": 3, "7": 2, "8": 2 },
    "b": {
      "0": [1, 2],
      "1": [1, 2],
      "2": [1, 2],
      "3": [2, 0],
      "4": [1, 1],
      "5": [0, 1],
      "6": [0, 3],
      "7": [1, 2],
      "8": [1, 1],
      "9": [1, 1],
      "10": [1, 1]
    }
  },
  "/Users/koushikpanda/Desktop/assignment/backend/src/utils/cookie.ts": {
    "path": "/Users/koushikpanda/Desktop/assignment/backend/src/utils/cookie.ts",
    "statementMap": {
      "0": { "start": { "line": 14, "column": 0 }, "end": { "line": 14, "column": 16 } },
      "1": { "start": { "line": 25, "column": 0 }, "end": { "line": 25, "column": 16 } },
      "2": { "start": { "line": 30, "column": 0 }, "end": { "line": 30, "column": 16 } },
      "3": { "start": { "line": 2, "column": 0 }, "end": { "line": 2, "column": 36 } },
      "4": { "start": { "line": 4, "column": 22 }, "end": { "line": 4, "column": 36 } },
      "5": { "start": { "line": 5, "column": 23 }, "end": { "line": 5, "column": 38 } },
      "6": { "start": { "line": 7, "column": 21 }, "end": { "line": 12, "column": null } },
      "7": { "start": { "line": 15, "column": 2 }, "end": { "line": 18, "column": null } },
      "8": { "start": { "line": 19, "column": 2 }, "end": { "line": 22, "column": null } },
      "9": { "start": { "line": 26, "column": 2 }, "end": { "line": 26, "column": null } },
      "10": { "start": { "line": 27, "column": 2 }, "end": { "line": 27, "column": null } },
      "11": { "start": { "line": 34, "column": 2 }, "end": { "line": 37, "column": null } }
    },
    "fnMap": {
      "0": {
        "name": "setAuthCookies",
        "decl": { "start": { "line": 14, "column": 16 }, "end": { "line": 14, "column": 30 } },
        "loc": { "start": { "line": 14, "column": 87 }, "end": { "line": 23, "column": 1 } }
      },
      "1": {
        "name": "clearAuthCookies",
        "decl": { "start": { "line": 25, "column": 16 }, "end": { "line": 25, "column": 32 } },
        "loc": { "start": { "line": 25, "column": 46 }, "end": { "line": 28, "column": 1 } }
      },
      "2": {
        "name": "getTokensFromCookies",
        "decl": { "start": { "line": 30, "column": 16 }, "end": { "line": 30, "column": 36 } },
        "loc": { "start": { "line": 30, "column": 80 }, "end": { "line": 38, "column": 1 } }
      }
    },
    "branchMap": {},
    "s": {
      "0": 2,
      "1": 2,
      "2": 2,
      "3": 2,
      "4": 2,
      "5": 2,
      "6": 2,
      "7": 3,
      "8": 3,
      "9": 1,
      "10": 1,
      "11": 5
    },
    "f": { "0": 3, "1": 1, "2": 5 },
    "b": {}
  },
  "/Users/koushikpanda/Desktop/assignment/backend/src/utils/logger.ts": {
    "path": "/Users/koushikpanda/Desktop/assignment/backend/src/utils/logger.ts",
    "statementMap": {
      "0": { "start": { "line": 1, "column": 14 }, "end": { "line": 1, "column": 54 } },
      "1": { "start": { "line": 3, "column": 13 }, "end": { "line": 13, "column": null } },
      "2": { "start": { "line": 5, "column": 4 }, "end": { "line": 5, "column": null } },
      "3": { "start": { "line": 5, "column": 15 }, "end": { "line": 5, "column": null } },
      "4": { "start": { "line": 8, "column": 4 }, "end": { "line": 8, "column": null } },
      "5": { "start": { "line": 11, "column": 4 }, "end": { "line": 11, "column": null } }
    },
    "fnMap": {
      "0": {
        "name": "(anonymous_0)",
        "decl": { "start": { "line": 4, "column": 8 }, "end": { "line": 4, "column": 9 } },
        "loc": { "start": { "line": 4, "column": 44 }, "end": { "line": 6, "column": 3 } }
      },
      "1": {
        "name": "(anonymous_1)",
        "decl": { "start": { "line": 7, "column": 9 }, "end": { "line": 7, "column": 10 } },
        "loc": { "start": { "line": 7, "column": 45 }, "end": { "line": 9, "column": 3 } }
      },
      "2": {
        "name": "(anonymous_2)",
        "decl": { "start": { "line": 10, "column": 8 }, "end": { "line": 10, "column": 9 } },
        "loc": { "start": { "line": 10, "column": 44 }, "end": { "line": 12, "column": 3 } }
      }
    },
    "branchMap": {
      "0": {
        "loc": { "start": { "line": 5, "column": 4 }, "end": { "line": 5, "column": null } },
        "type": "if",
        "locations": [
          { "start": { "line": 5, "column": 4 }, "end": { "line": 5, "column": null } },
          { "start": {}, "end": {} }
        ]
      }
    },
    "s": { "0": 14, "1": 14, "2": 14, "3": 14, "4": 9, "5": 1 },
    "f": { "0": 14, "1": 9, "2": 1 },
    "b": { "0": [14, 0] }
  }
}
