TN:
SF:src/config/index.ts
FNF:0
FNH:0
DA:1,15
DA:3,15
DA:5,15
DA:24,15
LF:4
LH:4
BRDA:6,0,0,15
BRDA:6,0,1,5
BRDA:7,1,0,15
BRDA:7,1,1,0
BRDA:8,2,0,15
BRDA:8,2,1,5
BRDA:9,3,0,15
BRDA:9,3,1,0
BRDA:10,4,0,15
BRDA:10,4,1,0
BRDA:11,5,0,15
BRDA:11,5,1,0
BRDA:12,6,0,15
BRDA:12,6,1,0
BRDA:13,7,0,15
BRDA:13,7,1,5
BRDA:14,8,0,15
BRDA:14,8,1,5
BRDA:15,9,0,15
BRDA:15,9,1,5
BRDA:16,10,0,15
BRDA:16,10,1,5
BRDA:17,11,0,15
BRDA:17,11,1,5
BRDA:19,12,0,15
BRDA:19,12,1,5
BRF:26
BRH:21
end_of_record
TN:
SF:src/config/multer.ts
FN:22,(anonymous_1)
FN:25,(anonymous_2)
FN:33,fileFilter
FN:53,getUploadPath
FNF:4
FNH:1
FNDA:0,(anonymous_1)
FNDA:0,(anonymous_2)
FNDA:0,fileFilter
FNDA:7,getUploadPath
DA:1,5
DA:2,5
DA:3,5
DA:4,5
DA:5,5
DA:7,5
DA:16,5
DA:17,5
DA:18,4
DA:21,5
DA:23,0
DA:27,0
DA:28,0
DA:29,0
DA:38,0
DA:39,0
DA:41,0
DA:45,5
DA:53,5
DA:54,7
LF:20
LH:13
BRDA:17,0,0,4
BRDA:17,0,1,1
BRDA:38,1,0,0
BRDA:38,1,1,0
BRF:4
BRH:2
end_of_record
TN:
SF:src/controllers/AuthController.ts
FN:8,(anonymous_0)
FN:10,(anonymous_1)
FN:54,(anonymous_2)
FN:88,(anonymous_3)
FN:122,(anonymous_4)
FN:150,(anonymous_5)
FN:187,(anonymous_6)
FN:218,(anonymous_7)
FNF:8
FNH:8
FNDA:22,(anonymous_0)
FNDA:3,(anonymous_1)
FNDA:3,(anonymous_2)
FNDA:3,(anonymous_3)
FNDA:4,(anonymous_4)
FNDA:4,(anonymous_5)
FNDA:4,(anonymous_6)
FNDA:1,(anonymous_7)
DA:3,1
DA:4,1
DA:7,1
DA:8,22
DA:10,22
DA:11,3
DA:12,3
DA:19,3
DA:20,1
DA:21,1
DA:24,2
DA:31,1
DA:33,1
DA:46,1
DA:47,1
DA:48,1
DA:54,22
DA:55,3
DA:56,3
DA:58,3
DA:59,1
DA:60,1
DA:63,2
DA:65,1
DA:67,1
DA:80,1
DA:81,1
DA:82,1
DA:88,22
DA:89,3
DA:90,3
DA:94,3
DA:95,1
DA:96,1
DA:99,2
DA:101,1
DA:103,1
DA:116,1
DA:117,1
DA:118,1
DA:122,22
DA:123,4
DA:124,4
DA:125,1
DA:126,1
DA:129,3
DA:130,2
DA:131,1
DA:132,1
DA:134,1
DA:145,1
DA:146,1
DA:150,22
DA:151,4
DA:152,4
DA:153,1
DA:154,1
DA:156,3
DA:157,3
DA:158,1
DA:159,1
DA:161,2
DA:165,2
DA:166,1
DA:167,1
DA:169,1
DA:182,0
DA:183,0
DA:187,22
DA:188,4
DA:189,4
DA:190,0
DA:191,0
DA:193,4
DA:197,4
DA:198,1
DA:199,1
DA:201,3
DA:202,1
DA:205,1
DA:207,2
DA:208,1
DA:210,1
DA:211,1
DA:212,1
DA:218,22
DA:219,1
DA:220,1
DA:221,1
DA:223,1
DA:224,1
DA:226,0
DA:227,0
LF:93
LH:87
BRDA:19,0,0,1
BRDA:19,0,1,2
BRDA:19,1,0,3
BRDA:19,1,1,3
BRDA:19,1,2,2
BRDA:28,2,0,2
BRDA:28,2,1,2
BRDA:46,3,0,1
BRDA:46,3,1,0
BRDA:49,4,0,1
BRDA:49,4,1,0
BRDA:58,5,0,1
BRDA:58,5,1,2
BRDA:58,6,0,3
BRDA:58,6,1,2
BRDA:80,7,0,1
BRDA:80,7,1,0
BRDA:83,8,0,1
BRDA:83,8,1,0
BRDA:94,9,0,1
BRDA:94,9,1,2
BRDA:116,10,0,1
BRDA:116,10,1,0
BRDA:124,11,0,1
BRDA:124,11,1,3
BRDA:130,12,0,1
BRDA:130,12,1,1
BRDA:152,13,0,1
BRDA:152,13,1,3
BRDA:157,14,0,1
BRDA:157,14,1,2
BRDA:157,15,0,3
BRDA:157,15,1,1
BRDA:162,16,0,2
BRDA:162,16,1,2
BRDA:163,17,0,2
BRDA:163,17,1,0
BRDA:165,18,0,1
BRDA:165,18,1,1
BRDA:189,19,0,0
BRDA:189,19,1,4
BRDA:197,20,0,1
BRDA:197,20,1,3
BRDA:197,21,0,4
BRDA:197,21,1,3
BRDA:201,22,0,1
BRDA:201,22,1,2
BRDA:210,23,0,1
BRDA:210,23,1,0
BRDA:213,24,0,1
BRDA:213,24,1,0
BRDA:220,25,0,1
BRDA:220,25,1,0
BRF:53
BRH:43
end_of_record
TN:
SF:src/controllers/UserController.ts
FN:9,(anonymous_0)
FN:27,(anonymous_1)
FN:36,(anonymous_2)
FN:44,(anonymous_3)
FN:78,(anonymous_4)
FN:11,(anonymous_5)
FNF:6
FNH:6
FNDA:9,(anonymous_0)
FNDA:2,(anonymous_1)
FNDA:1,(anonymous_2)
FNDA:4,(anonymous_3)
FNDA:3,(anonymous_4)
FNDA:2,(anonymous_5)
DA:3,1
DA:6,1
DA:8,1
DA:9,9
DA:18,2
DA:27,9
DA:28,2
DA:29,2
DA:30,1
DA:31,1
DA:33,1
DA:34,1
DA:36,1
DA:39,0
DA:40,0
DA:44,9
DA:45,4
DA:46,4
DA:47,0
DA:48,0
DA:50,4
DA:51,4
DA:52,4
DA:53,1
DA:54,1
DA:56,3
DA:57,1
DA:58,1
DA:60,2
DA:61,2
DA:62,1
DA:63,1
DA:66,1
DA:67,1
DA:71,1
DA:73,0
DA:74,0
DA:78,9
DA:79,3
DA:80,3
DA:81,0
DA:82,0
DA:84,3
DA:85,3
DA:86,1
DA:87,1
DA:89,2
DA:90,2
DA:91,1
DA:92,1
DA:95,1
DA:96,1
DA:100,1
DA:102,0
DA:103,0
LF:55
LH:45
BRDA:29,0,0,1
BRDA:29,0,1,1
BRDA:46,1,0,0
BRDA:46,1,1,4
BRDA:50,2,0,0
BRDA:50,2,1,4
BRDA:50,3,0,4
BRDA:50,3,1,0
BRDA:52,4,0,1
BRDA:52,4,1,3
BRDA:52,5,0,4
BRDA:52,5,1,4
BRDA:56,6,0,1
BRDA:56,6,1,2
BRDA:61,7,0,1
BRDA:61,7,1,1
BRDA:80,8,0,0
BRDA:80,8,1,3
BRDA:84,9,0,0
BRDA:84,9,1,3
BRDA:84,10,0,3
BRDA:84,10,1,0
BRDA:85,11,0,1
BRDA:85,11,1,2
BRDA:90,12,0,1
BRDA:90,12,1,1
BRF:26
BRH:20
end_of_record
TN:
SF:src/controllers/VideoController.ts
FN:9,(anonymous_10)
FN:11,(anonymous_11)
FN:47,(anonymous_12)
FN:66,(anonymous_13)
FN:74,(anonymous_14)
FN:89,(anonymous_15)
FN:114,(anonymous_16)
FN:129,(anonymous_17)
FN:143,(anonymous_18)
FN:193,(anonymous_19)
FN:210,(anonymous_20)
FN:218,(anonymous_21)
FNF:12
FNH:10
FNDA:17,(anonymous_10)
FNDA:4,(anonymous_11)
FNDA:2,(anonymous_12)
FNDA:1,(anonymous_13)
FNDA:2,(anonymous_14)
FNDA:3,(anonymous_15)
FNDA:2,(anonymous_16)
FNDA:1,(anonymous_17)
FNDA:3,(anonymous_18)
FNDA:0,(anonymous_19)
FNDA:0,(anonymous_20)
FNDA:4,(anonymous_21)
DA:1,1
DA:4,1
DA:8,1
DA:9,17
DA:11,17
DA:12,4
DA:13,4
DA:14,1
DA:15,1
DA:17,3
DA:18,1
DA:19,1
DA:22,2
DA:23,2
DA:24,1
DA:25,1
DA:28,1
DA:35,1
DA:41,0
DA:42,0
DA:43,0
DA:47,17
DA:48,2
DA:49,2
DA:50,1
DA:51,1
DA:54,1
DA:55,1
DA:56,1
DA:60,1
DA:62,1
DA:64,1
DA:66,1
DA:69,0
DA:70,0
DA:74,17
DA:75,2
DA:76,2
DA:77,0
DA:78,0
DA:80,2
DA:81,2
DA:82,1
DA:84,1
DA:85,1
DA:89,17
DA:90,3
DA:91,3
DA:92,0
DA:93,0
DA:95,3
DA:96,3
DA:97,3
DA:98,1
DA:99,1
DA:101,2
DA:107,1
DA:109,1
DA:110,1
DA:114,17
DA:115,2
DA:116,2
DA:117,0
DA:118,0
DA:120,2
DA:121,2
DA:122,1
DA:124,1
DA:125,1
DA:129,17
DA:130,1
DA:131,1
DA:132,0
DA:133,0
DA:135,1
DA:136,1
DA:138,0
DA:139,0
DA:143,17
DA:144,3
DA:145,3
DA:146,0
DA:147,0
DA:150,3
DA:151,3
DA:153,3
DA:154,1
DA:155,1
DA:158,2
DA:159,2
DA:161,2
DA:162,1
DA:167,1
DA:168,0
DA:171,1
DA:172,1
DA:173,1
DA:174,1
DA:176,1
DA:183,1
DA:185,2
DA:186,2
DA:187,2
DA:188,2
DA:193,17
DA:194,0
DA:195,0
DA:196,0
DA:197,0
DA:199,0
DA:200,0
DA:202,0
DA:203,0
DA:204,0
DA:207,0
DA:208,0
DA:209,0
DA:210,0
DA:211,0
DA:213,0
DA:214,0
DA:219,4
LF:122
LH:88
BRDA:13,0,0,1
BRDA:13,0,1,3
BRDA:17,1,0,1
BRDA:17,1,1,2
BRDA:23,2,0,1
BRDA:23,2,1,1
BRDA:41,3,0,0
BRDA:41,3,1,0
BRDA:49,4,0,1
BRDA:49,4,1,1
BRDA:56,5,0,0
BRDA:56,5,1,1
BRDA:60,6,0,0
BRDA:60,6,1,1
BRDA:76,7,0,0
BRDA:76,7,1,2
BRDA:80,8,0,0
BRDA:80,8,1,2
BRDA:80,9,0,2
BRDA:80,9,1,0
BRDA:84,10,0,1
BRDA:84,10,1,0
BRDA:85,11,0,1
BRDA:85,11,1,0
BRDA:91,12,0,0
BRDA:91,12,1,3
BRDA:95,13,0,0
BRDA:95,13,1,3
BRDA:95,14,0,3
BRDA:95,14,1,0
BRDA:97,15,0,1
BRDA:97,15,1,2
BRDA:109,16,0,1
BRDA:109,16,1,0
BRDA:110,17,0,1
BRDA:110,17,1,0
BRDA:116,18,0,0
BRDA:116,18,1,2
BRDA:120,19,0,0
BRDA:120,19,1,2
BRDA:120,20,0,2
BRDA:120,20,1,0
BRDA:124,21,0,1
BRDA:124,21,1,0
BRDA:125,22,0,1
BRDA:125,22,1,0
BRDA:131,23,0,0
BRDA:131,23,1,1
BRDA:145,24,0,0
BRDA:145,24,1,3
BRDA:150,25,0,0
BRDA:150,25,1,3
BRDA:150,26,0,3
BRDA:150,26,1,0
BRDA:153,27,0,1
BRDA:153,27,1,2
BRDA:153,28,0,3
BRDA:153,28,1,1
BRDA:161,29,0,1
BRDA:161,29,1,1
BRDA:172,30,0,1
BRDA:172,30,1,0
BRDA:173,31,0,1
BRDA:173,31,1,0
BRDA:185,32,0,2
BRDA:185,32,1,0
BRDA:187,33,0,2
BRDA:187,33,1,0
BRDA:188,34,0,0
BRDA:188,34,1,2
BRDA:195,35,0,0
BRDA:195,35,1,0
BRDA:199,36,0,0
BRDA:199,36,1,0
BRDA:199,37,0,0
BRDA:199,37,1,0
BRDA:202,38,0,0
BRDA:202,38,1,0
BRDA:213,39,0,0
BRDA:213,39,1,0
BRDA:214,40,0,0
BRDA:214,40,1,0
BRDA:228,41,0,0
BRDA:228,41,1,4
BRF:84
BRH:43
end_of_record
TN:
SF:src/middleware/auth.middleware.ts
FN:9,authenticate
FN:28,authorize
FN:29,(anonymous_2)
FNF:3
FNH:3
FNDA:3,authenticate
FNDA:3,authorize
FNDA:3,(anonymous_2)
DA:2,1
DA:3,1
DA:4,1
DA:7,1
DA:9,1
DA:10,3
DA:14,3
DA:15,1
DA:16,1
DA:19,2
DA:20,2
DA:21,1
DA:22,1
DA:24,1
DA:28,1
DA:29,3
DA:30,3
DA:31,1
DA:32,1
DA:34,2
DA:35,1
DA:36,1
DA:38,1
LF:23
LH:23
BRDA:14,0,0,1
BRDA:14,0,1,2
BRDA:30,1,0,1
BRDA:30,1,1,2
BRDA:34,2,0,1
BRDA:34,2,1,1
BRF:6
BRH:6
end_of_record
TN:
SF:src/models/User.ts
FNF:0
FNH:0
DA:1,4
DA:16,4
DA:58,4
LF:3
LH:3
BRF:0
BRH:0
end_of_record
TN:
SF:src/models/Video.ts
FNF:0
FNH:0
DA:1,3
DA:23,3
DA:83,3
DA:85,3
LF:4
LH:4
BRF:0
BRH:0
end_of_record
TN:
SF:src/repositories/UserRepository.ts
FN:5,(anonymous_0)
FN:9,(anonymous_1)
FN:13,(anonymous_2)
FN:17,(anonymous_3)
FN:21,(anonymous_4)
FN:31,(anonymous_5)
FN:35,(anonymous_6)
FN:39,(anonymous_7)
FN:43,(anonymous_8)
FN:47,(anonymous_9)
FN:52,(anonymous_10)
FN:56,(anonymous_11)
FN:60,(anonymous_12)
FN:64,(anonymous_13)
FN:68,(anonymous_14)
FNF:15
FNH:15
FNDA:1,(anonymous_0)
FNDA:1,(anonymous_1)
FNDA:1,(anonymous_2)
FNDA:1,(anonymous_3)
FNDA:1,(anonymous_4)
FNDA:1,(anonymous_5)
FNDA:1,(anonymous_6)
FNDA:1,(anonymous_7)
FNDA:1,(anonymous_8)
FNDA:2,(anonymous_9)
FNDA:1,(anonymous_10)
FNDA:1,(anonymous_11)
FNDA:1,(anonymous_12)
FNDA:1,(anonymous_13)
FNDA:3,(anonymous_14)
DA:1,4
DA:4,4
DA:6,1
DA:10,1
DA:14,1
DA:18,1
DA:27,1
DA:28,1
DA:32,1
DA:36,1
DA:40,1
DA:44,1
DA:48,2
DA:49,2
DA:53,1
DA:57,1
DA:61,1
DA:65,1
DA:74,3
DA:75,3
DA:77,2
DA:78,2
DA:79,1
DA:80,1
DA:81,1
DA:84,1
DA:88,1
LF:27
LH:27
BRDA:75,0,0,1
BRDA:75,0,1,2
BRDA:78,1,0,1
BRDA:78,1,1,1
BRDA:80,2,0,1
BRDA:80,2,1,0
BRF:6
BRH:5
end_of_record
TN:
SF:src/repositories/VideoRepository.ts
FN:11,(anonymous_0)
FN:24,(anonymous_1)
FN:28,(anonymous_2)
FN:32,(anonymous_3)
FN:52,(anonymous_4)
FN:66,(anonymous_5)
FN:70,(anonymous_6)
FN:81,(anonymous_7)
FN:85,(anonymous_8)
FN:89,(anonymous_9)
FN:101,(anonymous_10)
FNF:11
FNH:11
FNDA:1,(anonymous_0)
FNDA:1,(anonymous_1)
FNDA:1,(anonymous_2)
FNDA:4,(anonymous_3)
FNDA:1,(anonymous_4)
FNDA:1,(anonymous_5)
FNDA:1,(anonymous_6)
FNDA:1,(anonymous_7)
FNDA:1,(anonymous_8)
FNDA:1,(anonymous_9)
FNDA:1,(anonymous_10)
DA:1,3
DA:10,3
DA:20,1
DA:21,1
DA:25,1
DA:29,1
DA:33,4
DA:36,4
DA:38,4
DA:39,1
DA:42,4
DA:43,1
DA:49,4
DA:63,1
DA:67,1
DA:74,1
DA:82,1
DA:86,1
DA:92,1
DA:98,1
DA:102,1
DA:108,1
LF:22
LH:22
BRDA:36,0,0,1
BRDA:36,0,1,3
BRDA:38,1,0,1
BRDA:38,1,1,3
BRDA:38,2,0,4
BRDA:38,2,1,2
BRDA:42,3,0,1
BRDA:42,3,1,3
BRDA:76,4,0,1
BRDA:76,4,1,0
BRF:10
BRH:9
end_of_record
TN:
SF:src/services/AuthService.ts
FN:14,(anonymous_1)
FN:16,(anonymous_2)
FN:34,(anonymous_3)
FN:48,(anonymous_4)
FN:65,(anonymous_5)
FN:69,(anonymous_6)
FN:73,(anonymous_7)
FN:83,(anonymous_8)
FN:87,(anonymous_9)
FN:93,(anonymous_10)
FN:97,(anonymous_11)
FNF:11
FNH:11
FNDA:20,(anonymous_1)
FNDA:2,(anonymous_2)
FNDA:4,(anonymous_3)
FNDA:3,(anonymous_4)
FNDA:2,(anonymous_5)
FNDA:1,(anonymous_6)
FNDA:4,(anonymous_7)
FNDA:1,(anonymous_8)
FNDA:1,(anonymous_9)
FNDA:2,(anonymous_10)
FNDA:4,(anonymous_11)
DA:1,3
DA:2,3
DA:4,3
DA:13,3
DA:14,20
DA:22,2
DA:23,2
DA:25,1
DA:26,1
DA:28,1
DA:29,1
DA:31,1
DA:35,4
DA:36,4
DA:37,3
DA:39,2
DA:40,2
DA:42,1
DA:43,1
DA:45,1
DA:49,3
DA:50,3
DA:52,1
DA:55,2
DA:56,2
DA:59,1
DA:60,1
DA:62,1
DA:66,2
DA:70,1
DA:74,4
DA:75,4
DA:76,3
DA:77,2
DA:78,2
DA:79,1
DA:80,1
DA:84,1
DA:88,1
DA:89,1
DA:90,1
DA:94,2
DA:98,4
DA:101,4
DA:104,4
LF:45
LH:45
BRDA:23,0,0,1
BRDA:23,0,1,1
BRDA:36,1,0,1
BRDA:36,1,1,3
BRDA:37,2,0,1
BRDA:37,2,1,2
BRDA:40,3,0,1
BRDA:40,3,1,1
BRDA:56,4,0,1
BRDA:56,4,1,1
BRDA:75,5,0,1
BRDA:75,5,1,3
BRDA:76,6,0,1
BRDA:76,6,1,2
BRDA:78,7,0,1
BRDA:78,7,1,1
BRF:16
BRH:16
end_of_record
TN:
SF:src/services/ProcessingService.ts
FN:10,(anonymous_1)
FN:12,(anonymous_2)
FN:28,(anonymous_3)
FN:84,(anonymous_4)
FN:85,(anonymous_5)
FN:88,(anonymous_6)
FNF:6
FNH:6
FNDA:3,(anonymous_1)
FNDA:3,(anonymous_2)
FNDA:1,(anonymous_3)
FNDA:8,(anonymous_4)
FNDA:8,(anonymous_5)
FNDA:8,(anonymous_6)
DA:1,3
DA:3,3
DA:4,3
DA:5,3
DA:7,3
DA:8,3
DA:10,3
DA:13,3
DA:15,3
DA:17,3
DA:18,2
DA:20,2
DA:21,2
DA:22,2
DA:25,2
DA:26,2
DA:29,1
DA:30,1
DA:35,2
DA:36,1
DA:39,2
DA:40,2
DA:41,2
DA:44,2
DA:45,2
DA:46,6
DA:47,6
DA:48,6
DA:49,6
DA:55,2
DA:56,2
DA:59,2
DA:66,2
DA:73,2
DA:75,1
DA:76,1
DA:77,1
DA:85,8
DA:89,8
LF:39
LH:39
BRDA:35,0,0,1
BRDA:35,0,1,1
BRDA:56,1,0,0
BRDA:56,1,1,2
BRF:4
BRH:3
end_of_record
TN:
SF:src/services/SocketService.ts
FN:9,(anonymous_1)
FN:17,(anonymous_2)
FN:20,(anonymous_3)
FN:25,(anonymous_4)
FN:32,(anonymous_5)
FN:37,(anonymous_6)
FN:41,(anonymous_7)
FN:49,initSocketService
FN:54,getSocketService
FNF:9
FNH:6
FNDA:6,(anonymous_1)
FNDA:0,(anonymous_2)
FNDA:0,(anonymous_3)
FNDA:0,(anonymous_4)
FNDA:1,(anonymous_5)
FNDA:1,(anonymous_6)
FNDA:1,(anonymous_7)
FNDA:1,initSocketService
FNDA:2,getSocketService
DA:2,7
DA:3,7
DA:4,7
DA:6,7
DA:10,6
DA:17,6
DA:18,0
DA:20,0
DA:21,0
DA:22,0
DA:25,0
DA:26,0
DA:33,1
DA:38,1
DA:42,1
DA:47,7
DA:49,7
DA:50,1
DA:51,1
DA:54,7
DA:55,2
DA:56,1
LF:22
LH:16
BRDA:55,0,0,1
BRDA:55,0,1,1
BRF:2
BRH:2
end_of_record
TN:
SF:src/services/ThumbnailService.ts
FN:17,(anonymous_1)
FN:22,(anonymous_2)
FN:30,(anonymous_3)
FN:34,(anonymous_4)
FN:41,(anonymous_5)
FN:44,(anonymous_6)
FN:45,(anonymous_7)
FN:50,(anonymous_8)
FNF:8
FNH:8
FNDA:2,(anonymous_1)
FNDA:2,(anonymous_2)
FNDA:1,(anonymous_3)
FNDA:1,(anonymous_4)
FNDA:3,(anonymous_5)
FNDA:3,(anonymous_6)
FNDA:3,(anonymous_7)
FNDA:2,(anonymous_8)
DA:1,4
DA:2,4
DA:3,4
DA:4,4
DA:5,4
DA:8,4
DA:10,4
DA:11,1
DA:16,4
DA:18,2
DA:19,2
DA:20,2
DA:22,2
DA:23,2
DA:31,1
DA:32,1
DA:35,1
DA:36,1
DA:44,3
DA:45,3
DA:46,3
DA:47,1
DA:48,1
DA:50,2
DA:51,2
LF:25
LH:25
BRDA:11,0,0,1
BRDA:11,0,1,0
BRDA:46,1,0,1
BRDA:46,1,1,2
BRDA:52,2,0,2
BRDA:52,2,1,0
BRDA:54,3,0,1
BRDA:54,3,1,1
BRDA:54,4,0,2
BRDA:54,4,1,1
BRF:10
BRH:8
end_of_record
TN:
SF:src/services/VideoService.ts
FN:13,(anonymous_1)
FN:17,(anonymous_2)
FN:36,(anonymous_3)
FN:43,(anonymous_4)
FN:49,(anonymous_5)
FN:59,(anonymous_6)
FN:75,(anonymous_7)
FN:93,(anonymous_8)
FN:97,(anonymous_9)
FNF:9
FNH:8
FNDA:16,(anonymous_1)
FNDA:1,(anonymous_2)
FNDA:0,(anonymous_3)
FNDA:3,(anonymous_4)
FNDA:3,(anonymous_5)
FNDA:2,(anonymous_6)
FNDA:3,(anonymous_7)
FNDA:2,(anonymous_8)
FNDA:2,(anonymous_9)
DA:1,2
DA:2,2
DA:4,2
DA:5,2
DA:6,2
DA:10,2
DA:13,16
DA:14,16
DA:23,1
DA:33,1
DA:36,1
DA:37,0
DA:40,1
DA:45,3
DA:46,3
DA:51,3
DA:55,3
DA:56,2
DA:66,2
DA:69,2
DA:70,1
DA:71,1
DA:72,1
DA:77,3
DA:81,3
DA:84,2
DA:85,2
DA:86,1
DA:87,1
DA:90,2
DA:94,2
DA:98,2
DA:99,2
DA:100,1
DA:101,1
LF:35
LH:34
BRDA:45,0,0,1
BRDA:45,0,1,2
BRDA:51,1,0,1
BRDA:51,1,1,2
BRDA:55,2,0,1
BRDA:55,2,1,2
BRDA:66,3,0,2
BRDA:66,3,1,0
BRDA:69,4,0,1
BRDA:69,4,1,1
BRDA:71,5,0,0
BRDA:71,5,1,1
BRDA:77,6,0,0
BRDA:77,6,1,3
BRDA:81,7,0,1
BRDA:81,7,1,2
BRDA:85,8,0,1
BRDA:85,8,1,1
BRDA:94,9,0,1
BRDA:94,9,1,1
BRDA:99,10,0,1
BRDA:99,10,1,1
BRF:22
BRH:19
end_of_record
TN:
SF:src/utils/cookie.ts
FN:14,setAuthCookies
FN:25,clearAuthCookies
FN:30,getTokensFromCookies
FNF:3
FNH:3
FNDA:3,setAuthCookies
FNDA:1,clearAuthCookies
FNDA:5,getTokensFromCookies
DA:2,2
DA:4,2
DA:5,2
DA:7,2
DA:14,2
DA:15,3
DA:19,3
DA:25,2
DA:26,1
DA:27,1
DA:30,2
DA:34,5
LF:12
LH:12
BRF:0
BRH:0
end_of_record
TN:
SF:src/utils/logger.ts
FN:4,(anonymous_0)
FN:7,(anonymous_1)
FN:10,(anonymous_2)
FNF:3
FNH:3
FNDA:14,(anonymous_0)
FNDA:9,(anonymous_1)
FNDA:1,(anonymous_2)
DA:1,14
DA:3,14
DA:5,14
DA:8,9
DA:11,1
LF:5
LH:5
BRDA:5,0,0,14
BRDA:5,0,1,0
BRF:2
BRH:1
end_of_record
